2022-09-07 13:23:58,208 [INFO] Activator:177 - 


2022-09-07 13:23:58,210 [INFO] Activator:178 - !SESSION log4j initialized
2022-09-07 13:24:31,439 [ERROR] LogOutputStream:74 - [STDERR_REDIRECT] SLF4J: Failed to load class "org.slf4j.impl.StaticLoggerBinder".
2022-09-07 13:24:31,440 [ERROR] LogOutputStream:74 - [STDERR_REDIRECT] SLF4J: Defaulting to no-operation (NOP) logger implementation
2022-09-07 13:24:31,441 [ERROR] LogOutputStream:74 - [STDERR_REDIRECT] SLF4J: See http://www.slf4j.org/codes.html#StaticLoggerBinder for further details.
2022-09-07 13:26:37,345 [INFO] Activator:177 - 


2022-09-07 13:26:37,347 [INFO] Activator:178 - !SESSION log4j initialized
2022-09-07 13:27:09,829 [ERROR] LogOutputStream:74 - [STDERR_REDIRECT] SLF4J: Failed to load class "org.slf4j.impl.StaticLoggerBinder".
2022-09-07 13:27:09,831 [ERROR] LogOutputStream:74 - [STDERR_REDIRECT] SLF4J: Defaulting to no-operation (NOP) logger implementation
2022-09-07 13:27:09,833 [ERROR] LogOutputStream:74 - [STDERR_REDIRECT] SLF4J: See http://www.slf4j.org/codes.html#StaticLoggerBinder for further details.
2022-09-07 13:27:30,036 [INFO] McuFinderGlobals:44 - Set McuFinder mode to 2 (CubeIDE integrated)
2022-09-07 13:27:35,395 [INFO] ApplicationProperties:181 - Using Application install path: E:\ST\STM32CubeIDE_1.9.0\STM32CubeIDE\plugins\com.st.stm32cube.common.mx_6.6.1.202207061420
2022-09-07 13:27:35,434 [INFO] DbMcusXml:77 - Set database path to: E:\ST\STM32CubeIDE_1.9.0\STM32CubeIDE\plugins\com.st.stm32cube.common.mx_6.6.1.202207061420\\db\/mcu/
2022-09-07 13:27:35,435 [INFO] ApiDb:269 - Set plugin database path to: E:\ST\STM32CubeIDE_1.9.0\STM32CubeIDE\plugins\com.st.stm32cube.common.mx_6.6.1.202207061420\\db\/plugins/boardmanager/
2022-09-07 13:27:35,438 [WARN] ApiDb:254 - Overriding images path with different value:  => E:\ST\STM32CubeIDE_1.9.0\STM32CubeIDE\plugins\com.st.stm32cube.common.mx_6.6.1.202207061420\\db\/plugins/mcufinder/images/
2022-09-07 13:27:37,630 [INFO] ApiDb:249 - Set database path to: C:\Users\gamin\.stmcufinder\plugins\mcufinder//mcu/
2022-09-07 13:27:37,633 [INFO] DbMcusAds:124 - Set database path to: C:\Users\gamin\.stmcufinder\plugins\mcufinder//mcu/
2022-09-07 13:27:37,642 [INFO] CrossReferenceDbSqlite:201 - Set database path to: C:\Users\gamin\.stmcufinder\plugins\mcufinder//mcu/cs/
2022-09-07 13:27:37,887 [INFO] RulesReader:61 - Compatibility file has been processed (282 Rules)
2022-09-07 13:27:38,067 [INFO] DbMcusXml:77 - Set database path to: E:\ST\STM32CubeIDE_1.9.0\STM32CubeIDE\plugins\com.st.stm32cube.common.mx_6.6.1.202207061420\\db\/mcu/
2022-09-07 13:27:38,067 [INFO] ApiDb:269 - Set plugin database path to: E:\ST\STM32CubeIDE_1.9.0\STM32CubeIDE\plugins\com.st.stm32cube.common.mx_6.6.1.202207061420\\db\/plugins/boardmanager/
2022-09-07 13:27:38,068 [INFO] ApiDb:256 - Set plugin images path to: E:\ST\STM32CubeIDE_1.9.0\STM32CubeIDE\plugins\com.st.stm32cube.common.mx_6.6.1.202207061420\\db\/plugins/mcufinder/images/
2022-09-07 13:27:38,068 [WARN] DbFile:40 - Overriding database path with different value: C:\Users\gamin\.stmcufinder\plugins\mcufinder/ => C:\Users\gamin\.stmcufinder\plugins\mcufinder
2022-09-07 13:27:38,068 [INFO] ApiDb:249 - Set database path to: C:\Users\gamin\.stmcufinder\plugins\mcufinder//mcu/
2022-09-07 13:27:38,068 [WARN] DbFile:40 - Overriding database path with different value: C:\Users\gamin\.stmcufinder\plugins\mcufinder/ => C:\Users\gamin\.stmcufinder\plugins\mcufinder
2022-09-07 13:27:38,069 [INFO] DbMcusAds:124 - Set database path to: C:\Users\gamin\.stmcufinder\plugins\mcufinder//mcu/
2022-09-07 13:27:38,069 [WARN] DbFile:40 - Overriding database path with different value: C:\Users\gamin\.stmcufinder\plugins\mcufinder/ => C:\Users\gamin\.stmcufinder\plugins\mcufinder
2022-09-07 13:27:38,069 [WARN] DbFile:40 - Overriding database path with different value: C:\Users\gamin\.stmcufinder\plugins\mcufinder/ => C:\Users\gamin\.stmcufinder\plugins\mcufinder
2022-09-07 13:27:38,070 [INFO] CrossReferenceDbSqlite:201 - Set database path to: C:\Users\gamin\.stmcufinder\plugins\mcufinder//mcu/cs/
2022-09-07 13:27:38,259 [INFO] MainPanel:242 - HeapMemory: 286261248
2022-09-07 13:27:38,510 [INFO] DbMcusXml:77 - Set database path to: E:\ST\STM32CubeIDE_1.9.0\STM32CubeIDE\plugins\com.st.stm32cube.common.mx_6.6.1.202207061420\\db\/mcu/
2022-09-07 13:27:38,511 [INFO] ApiDb:269 - Set plugin database path to: E:\ST\STM32CubeIDE_1.9.0\STM32CubeIDE\plugins\com.st.stm32cube.common.mx_6.6.1.202207061420\\db\/plugins/boardmanager/
2022-09-07 13:27:38,511 [INFO] ApiDb:256 - Set plugin images path to: E:\ST\STM32CubeIDE_1.9.0\STM32CubeIDE\plugins\com.st.stm32cube.common.mx_6.6.1.202207061420\\db\/plugins/mcufinder/images/
2022-09-07 13:27:38,511 [WARN] DbFile:40 - Overriding database path with different value: C:\Users\gamin\.stmcufinder\plugins\mcufinder/ => C:\Users\gamin\.stmcufinder\plugins\mcufinder
2022-09-07 13:27:38,511 [INFO] ApiDb:249 - Set database path to: C:\Users\gamin\.stmcufinder\plugins\mcufinder//mcu/
2022-09-07 13:27:38,512 [WARN] DbFile:40 - Overriding database path with different value: C:\Users\gamin\.stmcufinder\plugins\mcufinder/ => C:\Users\gamin\.stmcufinder\plugins\mcufinder
2022-09-07 13:27:38,512 [INFO] DbMcusAds:124 - Set database path to: C:\Users\gamin\.stmcufinder\plugins\mcufinder//mcu/
2022-09-07 13:27:38,512 [WARN] DbFile:40 - Overriding database path with different value: C:\Users\gamin\.stmcufinder\plugins\mcufinder/ => C:\Users\gamin\.stmcufinder\plugins\mcufinder
2022-09-07 13:27:38,512 [WARN] DbFile:40 - Overriding database path with different value: C:\Users\gamin\.stmcufinder\plugins\mcufinder/ => C:\Users\gamin\.stmcufinder\plugins\mcufinder
2022-09-07 13:27:38,513 [INFO] CrossReferenceDbSqlite:201 - Set database path to: C:\Users\gamin\.stmcufinder\plugins\mcufinder//mcu/cs/
2022-09-07 13:27:38,537 [INFO] ApplicationProperties:181 - Using Application install path: E:\ST\STM32CubeIDE_1.9.0\STM32CubeIDE\plugins\com.st.stm32cube.common.mx_6.6.1.202207061420
2022-09-07 13:27:38,538 [INFO] PluginManage:193 - Search for loadable plugins [exclusion list=, ]
2022-09-07 13:27:38,541 [INFO] PluginManage:307 - Check plugin analytics
2022-09-07 13:27:47,996 [INFO] AnalyticsPlugin:262 - Accepted Software Licenses: 
2022-09-07 13:27:47,997 [INFO] AnalyticsPlugin:264 - Accepted CMSIS Pack Licenses: 
2022-09-07 13:27:47,998 [INFO] AnalyticsPlugin:266 - Accepted Firmware Licenses: 
2022-09-07 13:27:48,028 [INFO] PluginManage:356 - Loaded plugin analytics (category:tool,tabindex:-1)
2022-09-07 13:27:48,028 [INFO] PluginManage:307 - Check plugin cadmodel
2022-09-07 13:27:48,063 [INFO] CADModel:65 - Init CAD model plugin
2022-09-07 13:27:48,064 [INFO] PluginManage:356 - Loaded plugin cadmodel (category:power,tabindex:5)
2022-09-07 13:27:48,065 [INFO] PluginManage:307 - Check plugin clock
2022-09-07 13:27:48,095 [INFO] PluginManage:356 - Loaded plugin clock (category:base,tabindex:2)
2022-09-07 13:27:48,095 [INFO] PluginManage:307 - Check plugin ddr
2022-09-07 13:27:48,114 [INFO] PluginManage:356 - Loaded plugin ddr (category:tool,tabindex:6)
2022-09-07 13:27:48,115 [INFO] PluginManage:307 - Check plugin filemanager
2022-09-07 13:27:48,474 [INFO] PluginManage:356 - Loaded plugin filemanager (category:base,tabindex:10)
2022-09-07 13:27:48,474 [INFO] PluginManage:307 - Check plugin ipmanager
2022-09-07 13:27:48,485 [INFO] PluginManage:356 - Loaded plugin ipmanager (category:base,tabindex:5)
2022-09-07 13:27:48,485 [INFO] PluginManage:307 - Check plugin lpbam
2022-09-07 13:27:48,518 [INFO] PluginManage:356 - Loaded plugin lpbam (category:base,tabindex:0)
2022-09-07 13:27:48,519 [INFO] PluginManage:307 - Check plugin pinoutandconfiguration
2022-09-07 13:27:48,558 [INFO] PluginManage:356 - Loaded plugin pinoutandconfiguration (category:base,tabindex:1)
2022-09-07 13:27:48,558 [INFO] PluginManage:307 - Check plugin pinoutconfig
2022-09-07 13:27:48,594 [INFO] PluginManage:356 - Loaded plugin pinoutconfig (category:base,tabindex:0)
2022-09-07 13:27:48,594 [INFO] PluginManage:307 - Check plugin power
2022-09-07 13:27:48,632 [INFO] PluginManage:356 - Loaded plugin power (category:power,tabindex:4)
2022-09-07 13:27:48,633 [INFO] PluginManage:307 - Check plugin projectmanager
2022-09-07 13:27:48,654 [INFO] PluginManage:356 - Loaded plugin projectmanager (category:projectmanager,tabindex:3)
2022-09-07 13:27:48,654 [INFO] PluginManage:307 - Check plugin thirdparty
2022-09-07 13:27:48,923 [WARN] IntegrityCheckThread:82 - waiting for thirdparty lock release [integrity check]
2022-09-07 13:27:48,926 [INFO] IntegrityCheckThread:84 - entering critical section [integrity check]
2022-09-07 13:27:48,925 [INFO] PluginManage:356 - Loaded plugin thirdparty (category:base,tabindex:-1)
2022-09-07 13:27:48,928 [INFO] PluginManage:307 - Check plugin tools
2022-09-07 13:27:48,930 [INFO] ThirdPartyUpdaterWithRetryManager:70 - Updater plugin not ready yet. [1/15]
2022-09-07 13:27:48,946 [INFO] PluginManage:356 - Loaded plugin tools (category:base,tabindex:7)
2022-09-07 13:27:48,947 [INFO] PluginManage:307 - Check plugin tutovideos
2022-09-07 13:27:49,393 [INFO] PluginManage:356 - Loaded plugin tutovideos (category:base,tabindex:-1)
2022-09-07 13:27:49,394 [INFO] PluginManage:307 - Check plugin updater
2022-09-07 13:27:49,436 [INFO] PluginManage:356 - Loaded plugin updater (category:base,tabindex:12)
2022-09-07 13:27:49,436 [INFO] PluginManage:280 - PluginManage : Loaded plugins [15]
2022-09-07 13:27:49,930 [INFO] PinOutPanel:1468 - setPackage(No Configuration,No Configuration)
2022-09-07 13:27:50,086 [INFO] CADModel:98 - CPN selected for project level
2022-09-07 13:27:50,134 [INFO] IPUIPlugin:79 - create IPUIPlugin
2022-09-07 13:27:50,134 [INFO] PluginManager:217 - loadIPPluginJar : add adc
2022-09-07 13:27:50,143 [INFO] IPUIPlugin:79 - create IPUIPlugin
2022-09-07 13:27:50,143 [INFO] PluginManager:217 - loadIPPluginJar : add aes
2022-09-07 13:27:50,149 [INFO] IPUIPlugin:79 - create IPUIPlugin
2022-09-07 13:27:50,149 [INFO] PluginManager:217 - loadIPPluginJar : add can
2022-09-07 13:27:50,182 [INFO] IPUIPlugin:79 - create IPUIPlugin
2022-09-07 13:27:50,183 [INFO] PluginManager:217 - loadIPPluginJar : add comp
2022-09-07 13:27:50,201 [INFO] IPUIPlugin:79 - create IPUIPlugin
2022-09-07 13:27:50,202 [INFO] PluginManager:217 - loadIPPluginJar : add cryp
2022-09-07 13:27:50,207 [INFO] IPUIPlugin:79 - create IPUIPlugin
2022-09-07 13:27:50,208 [INFO] PluginManager:217 - loadIPPluginJar : add dfsdm
2022-09-07 13:27:50,219 [INFO] IPUIPlugin:79 - create IPUIPlugin
2022-09-07 13:27:50,220 [INFO] PluginManager:217 - loadIPPluginJar : add dma
2022-09-07 13:27:50,225 [INFO] IPUIPlugin:79 - create IPUIPlugin
2022-09-07 13:27:50,225 [INFO] PluginManager:217 - loadIPPluginJar : add dma3
2022-09-07 13:27:50,227 [INFO] IPUIPlugin:79 - create IPUIPlugin
2022-09-07 13:27:50,228 [INFO] PluginManager:217 - loadIPPluginJar : add fatfs
2022-09-07 13:27:50,235 [INFO] IPUIPlugin:79 - create IPUIPlugin
2022-09-07 13:27:50,235 [INFO] PluginManager:217 - loadIPPluginJar : add fmc
2022-09-07 13:27:50,256 [INFO] IPUIPlugin:79 - create IPUIPlugin
2022-09-07 13:27:50,257 [INFO] PluginManager:217 - loadIPPluginJar : add freertos
2022-09-07 13:27:50,261 [INFO] IPUIPlugin:79 - create IPUIPlugin
2022-09-07 13:27:50,263 [INFO] PluginManager:217 - loadIPPluginJar : add genericplugin
2022-09-07 13:27:50,271 [INFO] IPUIPlugin:79 - create IPUIPlugin
2022-09-07 13:27:50,272 [INFO] PluginManager:217 - loadIPPluginJar : add gfxmmu
2022-09-07 13:27:50,283 [INFO] IPUIPlugin:79 - create IPUIPlugin
2022-09-07 13:27:50,283 [INFO] PluginManager:217 - loadIPPluginJar : add gic
2022-09-07 13:27:50,290 [INFO] IPUIPlugin:79 - create IPUIPlugin
2022-09-07 13:27:50,291 [INFO] PluginManager:217 - loadIPPluginJar : add gpio
2022-09-07 13:27:50,298 [INFO] IPUIPlugin:79 - create IPUIPlugin
2022-09-07 13:27:50,298 [INFO] PluginManager:217 - loadIPPluginJar : add gtzc
2022-09-07 13:27:50,315 [INFO] IPUIPlugin:79 - create IPUIPlugin
2022-09-07 13:27:50,316 [INFO] PluginManager:217 - loadIPPluginJar : add hash
2022-09-07 13:27:50,323 [INFO] IPUIPlugin:79 - create IPUIPlugin
2022-09-07 13:27:50,323 [INFO] PluginManager:217 - loadIPPluginJar : add i2c
2022-09-07 13:27:50,329 [INFO] IPUIPlugin:79 - create IPUIPlugin
2022-09-07 13:27:50,330 [INFO] PluginManager:217 - loadIPPluginJar : add i2s
2022-09-07 13:27:50,336 [INFO] IPUIPlugin:79 - create IPUIPlugin
2022-09-07 13:27:50,337 [INFO] PluginManager:217 - loadIPPluginJar : add ipddr
2022-09-07 13:27:50,346 [INFO] IPUIPlugin:79 - create IPUIPlugin
2022-09-07 13:27:50,347 [INFO] PluginManager:217 - loadIPPluginJar : add linkedlist
2022-09-07 13:27:50,350 [INFO] IPUIPlugin:79 - create IPUIPlugin
2022-09-07 13:27:50,350 [INFO] PluginManager:217 - loadIPPluginJar : add lorawan
2022-09-07 13:27:50,351 [INFO] IPUIPlugin:79 - create IPUIPlugin
2022-09-07 13:27:50,351 [INFO] PluginManager:217 - loadIPPluginJar : add ltdc
2022-09-07 13:27:50,359 [INFO] IPUIPlugin:79 - create IPUIPlugin
2022-09-07 13:27:50,359 [INFO] PluginManager:217 - loadIPPluginJar : add mdma
2022-09-07 13:27:50,365 [INFO] IPUIPlugin:79 - create IPUIPlugin
2022-09-07 13:27:50,365 [INFO] PluginManager:217 - loadIPPluginJar : add nvic
2022-09-07 13:27:50,370 [INFO] IPUIPlugin:79 - create IPUIPlugin
2022-09-07 13:27:50,370 [INFO] PluginManager:217 - loadIPPluginJar : add opamp
2022-09-07 13:27:50,377 [INFO] IPUIPlugin:79 - create IPUIPlugin
2022-09-07 13:27:50,378 [INFO] PluginManager:217 - loadIPPluginJar : add openamp
2022-09-07 13:27:50,384 [INFO] IPUIPlugin:79 - create IPUIPlugin
2022-09-07 13:27:50,384 [INFO] PluginManager:217 - loadIPPluginJar : add pdm2pcm
2022-09-07 13:27:50,392 [INFO] IPUIPlugin:79 - create IPUIPlugin
2022-09-07 13:27:50,396 [INFO] PluginManager:217 - loadIPPluginJar : add plateformsettings
2022-09-07 13:27:50,410 [INFO] IPUIPlugin:79 - create IPUIPlugin
2022-09-07 13:27:50,411 [INFO] PluginManager:217 - loadIPPluginJar : add quadspi
2022-09-07 13:27:50,441 [INFO] IPUIPlugin:79 - create IPUIPlugin
2022-09-07 13:27:50,442 [INFO] PluginManager:217 - loadIPPluginJar : add resmgrutility
2022-09-07 13:27:50,461 [INFO] IPUIPlugin:79 - create IPUIPlugin
2022-09-07 13:27:50,461 [INFO] PluginManager:217 - loadIPPluginJar : add sai
2022-09-07 13:27:50,476 [INFO] IPUIPlugin:79 - create IPUIPlugin
2022-09-07 13:27:50,477 [INFO] PluginManager:217 - loadIPPluginJar : add spi
2022-09-07 13:27:50,489 [INFO] IPUIPlugin:79 - create IPUIPlugin
2022-09-07 13:27:50,490 [INFO] PluginManager:217 - loadIPPluginJar : add stm32_wpan
2022-09-07 13:27:50,501 [INFO] IPUIPlugin:79 - create IPUIPlugin
2022-09-07 13:27:50,501 [INFO] PluginManager:217 - loadIPPluginJar : add tim
2022-09-07 13:27:50,518 [INFO] IPUIPlugin:79 - create IPUIPlugin
2022-09-07 13:27:50,518 [INFO] PluginManager:217 - loadIPPluginJar : add touchsensing
2022-09-07 13:27:50,522 [INFO] IPUIPlugin:79 - create IPUIPlugin
2022-09-07 13:27:50,523 [INFO] PluginManager:217 - loadIPPluginJar : add tracer_emb
2022-09-07 13:27:50,526 [INFO] IPUIPlugin:79 - create IPUIPlugin
2022-09-07 13:27:50,526 [INFO] PluginManager:217 - loadIPPluginJar : add ts
2022-09-07 13:27:50,529 [INFO] IPUIPlugin:79 - create IPUIPlugin
2022-09-07 13:27:50,529 [INFO] PluginManager:217 - loadIPPluginJar : add tsc
2022-09-07 13:27:50,532 [INFO] IPUIPlugin:79 - create IPUIPlugin
2022-09-07 13:27:50,532 [INFO] PluginManager:217 - loadIPPluginJar : add ucpd
2022-09-07 13:27:50,536 [INFO] IPUIPlugin:79 - create IPUIPlugin
2022-09-07 13:27:50,536 [INFO] PluginManager:217 - loadIPPluginJar : add usart
2022-09-07 13:27:50,550 [INFO] IPUIPlugin:79 - create IPUIPlugin
2022-09-07 13:27:50,551 [INFO] PluginManager:217 - loadIPPluginJar : add usbx
2022-09-07 13:27:51,023 [FATAL] Updater:301 - Updater called before beeing initialized
2022-09-07 13:27:51,201 [FATAL] Updater:301 - Updater called before beeing initialized
2022-09-07 13:27:51,209 [INFO] DbMcusAds:52 - JSON generation date=Thu Sep 30 08:55:09 CAT 2021 (1632984909247)
2022-09-07 13:27:51,209 [FATAL] Updater:301 - Updater called before beeing initialized
2022-09-07 13:27:51,355 [WARN] DetailPanel:344 - Failed to get advertising image, set to default
2022-09-07 13:27:51,486 [FATAL] Updater:301 - Updater called before beeing initialized
2022-09-07 13:27:51,489 [FATAL] Updater:301 - Updater called before beeing initialized
2022-09-07 13:27:51,489 [FATAL] Updater:301 - Updater called before beeing initialized
2022-09-07 13:27:51,490 [WARN] DetailPanel:344 - Failed to get advertising image, set to default
2022-09-07 13:27:51,491 [FATAL] Updater:301 - Updater called before beeing initialized
2022-09-07 13:27:51,579 [ERROR] Updater:1105 - MainUpdater not yet initialized. External WinMGr cannot be set.
2022-09-07 13:27:51,614 [INFO] Updater:1041 - Updater Version found : 6.6.1
2022-09-07 13:27:51,636 [INFO] ApplicationProperties:181 - Using Application install path: E:\ST\STM32CubeIDE_1.9.0\STM32CubeIDE\plugins\com.st.stm32cube.common.mx_6.6.1.202207061420
2022-09-07 13:27:51,683 [INFO] MainUpdater:516 - Copy updater definitions from MX database
2022-09-07 13:27:51,790 [INFO] MainUpdater:2768 - connection check result : 10
2022-09-07 13:27:51,790 [INFO] MainUpdater:3453 - Updater definition file requires update
2022-09-07 13:27:51,791 [INFO] MainUpdater:280 - Updater Check For Update Now.
2022-09-07 13:27:51,791 [INFO] MicroXplorer:481 - Change Database Version : DB.6.0.60
2022-09-07 13:27:51,844 [INFO] ServerAccessManage:474 - Download File updaters.zip
2022-09-07 13:27:51,904 [INFO] FileExtend:239 - Unzip File : updaters.zip
2022-09-07 13:27:51,905 [INFO] FileExtend:254 - Standard Zip Deflate
2022-09-07 13:27:51,932 [WARN] MainUpdater:1184 - Updater busy. Cannot search thirdparties
2022-09-07 13:27:51,933 [INFO] ThirdPartyUpdaterWithRetryManager:96 - Updater plugin is busy. [1/15]
2022-09-07 13:27:52,126 [INFO] ServerAccessManage:474 - Download File PacksControlFlags.xml
2022-09-07 13:27:52,171 [INFO] ServerAccessManage:474 - Download File cubemx.pidx
2022-09-07 13:27:52,429 [INFO] ServerAccessManage:474 - Download File STMicroelectronics.FP-ATR-ASTRA1.pdsc
2022-09-07 13:27:52,737 [INFO] ServerAccessManage:474 - Download File STMicroelectronics.X-CUBE-AI.pdsc
2022-09-07 13:27:52,911 [INFO] ServerAccessManage:474 - Download File STMicroelectronics.X-CUBE-BLE2.pdsc
2022-09-07 13:27:53,013 [INFO] ServerAccessManage:474 - Download File STMicroelectronics.X-CUBE-BLEMGR.pdsc
2022-09-07 13:27:53,122 [INFO] ServerAccessManage:474 - Download File STMicroelectronics.X-CUBE-GNSS1.pdsc
2022-09-07 13:27:53,528 [ERROR] ServerAccessManage:1090 - Problem, file not found on Server
2022-09-07 13:27:53,875 [ERROR] ServerAccessManage:1090 - Problem, file not found on Server
2022-09-07 13:27:54,225 [ERROR] ServerAccessManage:1090 - Problem, file not found on Server
2022-09-07 13:27:54,611 [ERROR] ServerAccessManage:1090 - Problem, file not found on Server
2022-09-07 13:27:54,947 [WARN] MainUpdater:1184 - Updater busy. Cannot search thirdparties
2022-09-07 13:27:54,947 [INFO] ThirdPartyUpdaterWithRetryManager:96 - Updater plugin is busy. [2/15]
2022-09-07 13:27:54,966 [ERROR] ServerAccessManage:1090 - Problem, file not found on Server
2022-09-07 13:27:55,299 [ERROR] ServerAccessManage:1090 - Problem, file not found on Server
2022-09-07 13:27:55,324 [INFO] ServerAccessManage:474 - Download File STMicroelectronics.X-CUBE-ISPU.pdsc
2022-09-07 13:27:55,421 [INFO] ServerAccessManage:474 - Download File STMicroelectronics.X-CUBE-MEMS1.pdsc
2022-09-07 13:27:55,812 [INFO] ServerAccessManage:474 - Download File STMicroelectronics.X-CUBE-SFXS2LP1.pdsc
2022-09-07 13:27:55,946 [INFO] ServerAccessManage:474 - Download File STMicroelectronics.X-CUBE-TOF1.pdsc
2022-09-07 13:27:56,461 [ERROR] ServerAccessManage:1090 - Problem, file not found on Server
2022-09-07 13:27:56,522 [INFO] ServerAccessManage:474 - Download File STMicroelectronics.X-CUBE-TOUCHGFX.pdsc
2022-09-07 13:27:56,870 [INFO] ServerAccessManage:474 - Download File STMicroelectronics.X-CUBE-AZRTOS-F4.pdsc
2022-09-07 13:27:57,146 [INFO] ServerAccessManage:474 - Download File STMicroelectronics.X-CUBE-AZRTOS-F7.pdsc
2022-09-07 13:27:57,450 [INFO] ServerAccessManage:474 - Download File STMicroelectronics.X-CUBE-AZRTOS-G0.pdsc
2022-09-07 13:27:57,805 [ERROR] LogOutputStream:74 - [STDERR_REDIRECT] [Fatal Error] PacksControlFlags.xml:113:4: The value of attribute "versionMax" associated with an element type "Pack" must not contain the '<' character.
2022-09-07 13:27:57,807 [ERROR] LogOutputStream:74 - [STDERR_REDIRECT] 
2022-09-07 13:27:57,807 [ERROR] AbstractXmlFileManage:140 - The value of attribute "versionMax" associated with an element type "Pack" must not contain the '<' character.
2022-09-07 13:27:57,807 [WARN] CheckServerUpdateThread:142 - Open Updater Control File Fail
2022-09-07 13:27:57,830 [WARN] PackLoader:242 - Cannot read IP mode file for STMicroelectronics.FP-ATR-ASTRA1.1.1.1
2022-09-07 13:27:57,839 [WARN] PackLoader:242 - Cannot read IP mode file for STMicroelectronics.X-CUBE-AI.7.2.0
2022-09-07 13:27:57,845 [WARN] PackLoader:242 - Cannot read IP mode file for STMicroelectronics.X-CUBE-BLE2.3.3.0
2022-09-07 13:27:57,854 [WARN] PackLoader:242 - Cannot read IP mode file for STMicroelectronics.X-CUBE-BLEMGR.1.0.0
2022-09-07 13:27:57,862 [WARN] PackLoader:242 - Cannot read IP mode file for STMicroelectronics.X-CUBE-GNSS1.6.0.0
2022-09-07 13:27:57,867 [WARN] PackLoader:242 - Cannot read IP mode file for STMicroelectronics.X-CUBE-ISPU.1.0.0
2022-09-07 13:27:57,931 [INFO] CheckServerUpdateThread:119 - End of CheckServer Thread
2022-09-07 13:27:57,932 [WARN] PackLoader:242 - Cannot read IP mode file for STMicroelectronics.X-CUBE-MEMS1.9.3.0
2022-09-07 13:27:57,976 [INFO] MainUpdater:2768 - connection check result : 10
2022-09-07 13:27:57,979 [INFO] MainUpdater:2768 - connection check result : 10
2022-09-07 13:27:58,100 [WARN] PackLoader:242 - Cannot read IP mode file for STMicroelectronics.X-CUBE-GNSS1.6.0.0
2022-09-07 13:27:58,109 [WARN] PackLoader:242 - Cannot read IP mode file for STMicroelectronics.X-CUBE-SFXS2LP1.4.0.0
2022-09-07 13:27:58,122 [WARN] PackLoader:242 - Cannot read IP mode file for STMicroelectronics.X-CUBE-TOF1.3.1.0
2022-09-07 13:27:58,125 [WARN] PackLoader:242 - Cannot read IP mode file for STMicroelectronics.X-CUBE-AZRTOS-F4.1.1.0
2022-09-07 13:27:58,132 [WARN] PackLoader:242 - Cannot read IP mode file for STMicroelectronics.X-CUBE-TOUCHGFX.4.20.0
2022-09-07 13:27:58,153 [WARN] PackLoader:242 - Cannot read IP mode file for STMicroelectronics.X-CUBE-AZRTOS-F4.1.1.0
2022-09-07 13:27:58,177 [WARN] PackLoader:242 - Cannot read IP mode file for STMicroelectronics.X-CUBE-AZRTOS-F7.1.1.0
2022-09-07 13:27:58,178 [WARN] PackLoader:242 - Cannot read IP mode file for STMicroelectronics.X-CUBE-MEMS1.9.2.0
2022-09-07 13:27:58,205 [WARN] PackLoader:242 - Cannot read IP mode file for STMicroelectronics.X-CUBE-AZRTOS-G0.1.1.0
2022-09-07 13:27:58,208 [INFO] PopulateThirdPartyThread:64 - Ending populate Thread
2022-09-07 13:27:58,212 [INFO] ThirdParty:981 - CMSIS Pack Vendor :STMicroelectronics X-CUBE-GNSS1 6.0.0
2022-09-07 13:27:58,212 [INFO] ThirdParty:981 - CMSIS Pack Vendor :STMicroelectronics X-CUBE-AZRTOS-F4 1.1.0
2022-09-07 13:27:58,213 [INFO] ThirdParty:981 - CMSIS Pack Vendor :STMicroelectronics X-CUBE-AZRTOS-G0 1.1.0
2022-09-07 13:27:58,213 [INFO] ThirdParty:981 - CMSIS Pack Vendor :STMicroelectronics X-CUBE-TOUCHGFX 4.20.0
2022-09-07 13:27:58,213 [INFO] ThirdParty:981 - CMSIS Pack Vendor :STMicroelectronics X-CUBE-SFXS2LP1 4.0.0
2022-09-07 13:27:58,215 [INFO] ThirdParty:981 - CMSIS Pack Vendor :STMicroelectronics X-CUBE-BLE2 3.3.0
2022-09-07 13:27:58,215 [INFO] ThirdParty:981 - CMSIS Pack Vendor :STMicroelectronics X-CUBE-BLEMGR 1.0.0
2022-09-07 13:27:58,215 [INFO] ThirdParty:981 - CMSIS Pack Vendor :STMicroelectronics X-CUBE-AZRTOS-F7 1.1.0
2022-09-07 13:27:58,215 [INFO] MicroXplorer:451 - Change Database Path : 
2022-09-07 13:27:58,215 [INFO] ThirdParty:981 - CMSIS Pack Vendor :STMicroelectronics FP-ATR-ASTRA1 1.1.1
2022-09-07 13:27:58,215 [INFO] MicroXplorer:481 - Change Database Version : DB.6.0.60
2022-09-07 13:27:58,215 [INFO] ThirdParty:981 - CMSIS Pack Vendor :STMicroelectronics X-CUBE-MEMS1 9.3.0
2022-09-07 13:27:58,215 [INFO] ThirdParty:981 - CMSIS Pack Vendor :STMicroelectronics X-CUBE-AI 7.2.0
2022-09-07 13:27:58,216 [WARN] ThirdParty:827 - waiting for thirdparty lock release [close project]
2022-09-07 13:27:58,216 [INFO] ThirdParty:981 - CMSIS Pack Vendor :STMicroelectronics X-CUBE-ISPU 1.0.0
2022-09-07 13:27:58,216 [INFO] ThirdParty:981 - CMSIS Pack Vendor :STMicroelectronics X-CUBE-TOF1 3.1.0
2022-09-07 13:27:58,217 [INFO] LoadServerUpdatesThread:367 - End of LoadServerUpdate Thread
2022-09-07 13:27:58,398 [WARN] PackLoader:242 - Cannot read IP mode file for STMicroelectronics.X-CUBE-AZRTOS-F7.1.1.0
2022-09-07 13:27:58,406 [WARN] PackLoader:242 - Cannot read IP mode file for STMicroelectronics.X-CUBE-AI.7.1.0
2022-09-07 13:27:58,415 [WARN] PackLoader:242 - Cannot read IP mode file for STMicroelectronics.X-CUBE-TOUCHGFX.4.19.1
2022-09-07 13:27:58,421 [WARN] PackLoader:242 - Cannot read IP mode file for STMicroelectronics.X-CUBE-BLE1.6.2.3
2022-09-07 13:27:58,429 [WARN] PackLoader:242 - Cannot read IP mode file for STMicroelectronics.X-CUBE-NFC4.2.0.4
2022-09-07 13:27:58,439 [WARN] PackLoader:242 - Cannot read IP mode file for STMicroelectronics.X-CUBE-BLE2.3.2.2
2022-09-07 13:27:58,449 [WARN] PackLoader:242 - Cannot read IP mode file for STMicroelectronics.X-CUBE-TOF1.3.1.0
2022-09-07 13:27:58,463 [WARN] PackLoader:242 - Cannot read IP mode file for STMicroelectronics.X-CUBE-SFXS2LP1.3.1.0
2022-09-07 13:27:58,490 [WARN] PackLoader:242 - Cannot read IP mode file for STMicroelectronics.X-CUBE-AZRTOS-F4.1.0.0
2022-09-07 13:27:58,504 [WARN] PackLoader:242 - Cannot read IP mode file for STMicroelectronics.X-CUBE-NFC7.1.0.0
2022-09-07 13:27:58,560 [WARN] PackLoader:242 - Cannot read IP mode file for STMicroelectronics.X-CUBE-MEMS1.9.3.0
2022-09-07 13:27:58,751 [WARN] PackLoader:242 - Cannot read IP mode file for STMicroelectronics.X-CUBE-AI.7.2.0
2022-09-07 13:27:58,768 [WARN] PackLoader:242 - Cannot read IP mode file for STMicroelectronics.X-CUBE-AZRTOS-G0.1.0.0
2022-09-07 13:27:58,792 [WARN] PackLoader:242 - Cannot read IP mode file for STMicroelectronics.X-CUBE-SFXS2LP1.4.0.0
2022-09-07 13:27:58,797 [WARN] PackLoader:242 - Cannot read IP mode file for STMicroelectronics.X-CUBE-BLE2.3.3.0
2022-09-07 13:27:58,807 [WARN] PackLoader:242 - Cannot read IP mode file for STMicroelectronics.X-CUBE-DISPLAY.2.2.0
2022-09-07 13:27:58,814 [WARN] PackLoader:242 - Cannot read IP mode file for STMicroelectronics.X-CUBE-ISPU.1.0.0
2022-09-07 13:27:58,824 [WARN] PackLoader:242 - Cannot read IP mode file for RoweBots.I-CUBE-UNISONRTOS.5.5.0-4
2022-09-07 13:27:58,842 [WARN] PackLoader:242 - Cannot read IP mode file for STMicroelectronics.X-CUBE-AZRTOS-H7.2.1.0
2022-09-07 13:27:58,851 [WARN] PackLoader:242 - Cannot read IP mode file for STMicroelectronics.X-CUBE-BLEMGR.1.0.0
2022-09-07 13:27:58,856 [WARN] PackLoader:242 - Cannot read IP mode file for STMicroelectronics.X-CUBE-ALGOBUILD.1.3.0
2022-09-07 13:27:58,866 [WARN] PackLoader:242 - Cannot read IP mode file for STMicroelectronics.X-CUBE-AZRTOS-G0.1.1.0
2022-09-07 13:27:58,878 [WARN] PackLoader:242 - Cannot read IP mode file for STMicroelectronics.X-CUBE-SUBG2.5.0.0
2022-09-07 13:27:58,927 [WARN] PackLoader:242 - Cannot read IP mode file for SEGGER.I-CUBE-embOS.1.2.0
2022-09-07 13:27:58,970 [WARN] PackLoader:242 - Cannot read IP mode file for STMicroelectronics.FP-ATR-ASTRA1.1.1.1
2022-09-07 13:27:58,985 [WARN] PackLoader:242 - Cannot read IP mode file for STMicroelectronics.X-CUBE-AZRTOS-G4.1.0.0
2022-09-07 13:27:58,992 [WARN] PackLoader:242 - Cannot read IP mode file for wolfSSL.I-CUBE-wolfSSL.5.3.0
2022-09-07 13:27:59,013 [WARN] PackLoader:242 - Cannot read IP mode file for STMicroelectronics.X-CUBE-AZRTOS-L4.1.0.0
2022-09-07 13:27:59,020 [WARN] PackLoader:242 - Cannot read IP mode file for emotas.I-CUBE-CANOPEN.1.1.2
2022-09-07 13:27:59,022 [WARN] PackLoader:242 - Cannot read IP mode file for STMicroelectronics.X-CUBE-TOUCHGFX.4.20.0
2022-09-07 13:27:59,034 [WARN] PackLoader:242 - Cannot read IP mode file for STMicroelectronics.X-CUBE-AZRTOS-F7.1.0.0
2022-09-07 13:27:59,044 [WARN] PackLoader:242 - Cannot read IP mode file for STMicroelectronics.X-CUBE-AZRTOS-WL.1.0.0
2022-09-07 13:27:59,049 [WARN] PackLoader:242 - Cannot read IP mode file for portGmbH.I-Cube-SoM-uGOAL.1.1.0
2022-09-07 13:27:59,053 [WARN] PackLoader:242 - Cannot read IP mode file for STMicroelectronics.X-CUBE-ALS.1.0.1
2022-09-07 13:27:59,065 [WARN] PackLoader:242 - Cannot read IP mode file for STMicroelectronics.X-CUBE-AZRTOS-L5.1.0.0
2022-09-07 13:27:59,072 [WARN] PackLoader:242 - Cannot read IP mode file for STMicroelectronics.X-CUBE-EEPRMA1.3.1.1
2022-09-07 13:27:59,077 [WARN] PackLoader:242 - Cannot read IP mode file for STMicroelectronics.X-CUBE-GNSS1.5.2.0
2022-09-07 13:27:59,082 [WARN] PackLoader:242 - Cannot read IP mode file for STMicroelectronics.X-CUBE-TOF1.3.0.0
2022-09-07 13:27:59,085 [INFO] ThirdParty:929 - Integrity check success = true
2022-09-07 13:27:59,085 [INFO] IntegrityCheckThread:98 - exiting critical section [integrity check]
2022-09-07 13:27:59,085 [INFO] IntegrityCheckThread:101 - End integrity checks thread
2022-09-07 13:27:59,085 [INFO] ThirdParty:829 - entering critical section [close project]
2022-09-07 13:27:59,087 [INFO] ThirdParty:839 - exiting critical section [close project]
2022-09-07 13:27:59,093 [INFO] PinOutPanel:1468 - setPackage(No Configuration,No Configuration)
2022-09-07 13:27:59,098 [INFO] UtilMem:74 - Begin LoadConfig() Used Memory: 428222400 Bytes (551550976)
2022-09-07 13:28:15,798 [INFO] ServerAccessManage:474 - Download File stm32cube_db_v6050.zip
2022-09-07 13:28:21,716 [INFO] FileExtend:239 - Unzip File : stm32cube_db_v6050.zip
2022-09-07 13:28:21,716 [INFO] FileExtend:254 - Standard Zip Deflate
2022-09-07 13:28:21,738 [ERROR] LogOutputStream:74 - [STDERR_REDIRECT] Exception in thread "AWT-EventQueue-0" java.lang.NullPointerException
2022-09-07 13:28:21,741 [ERROR] LogOutputStream:74 - [STDERR_REDIRECT] 	at java.desktop/javax.swing.plaf.basic.BasicProgressBarUI.sizeChanged(BasicProgressBarUI.java:1046)
2022-09-07 13:28:21,744 [ERROR] LogOutputStream:74 - [STDERR_REDIRECT] 	at java.desktop/javax.swing.plaf.basic.BasicProgressBarUI.getBox(BasicProgressBarUI.java:493)
2022-09-07 13:28:21,747 [ERROR] LogOutputStream:74 - [STDERR_REDIRECT] 	at java.desktop/javax.swing.plaf.metal.MetalProgressBarUI.paintIndeterminate(MetalProgressBarUI.java:163)
2022-09-07 13:28:21,750 [ERROR] LogOutputStream:74 - [STDERR_REDIRECT] 	at java.desktop/javax.swing.plaf.basic.BasicProgressBarUI.paint(BasicProgressBarUI.java:459)
2022-09-07 13:28:21,752 [ERROR] LogOutputStream:74 - [STDERR_REDIRECT] 	at java.desktop/javax.swing.plaf.ComponentUI.update(ComponentUI.java:161)
2022-09-07 13:28:21,755 [ERROR] LogOutputStream:74 - [STDERR_REDIRECT] 	at java.desktop/javax.swing.JComponent.paintComponent(JComponent.java:797)
2022-09-07 13:28:21,757 [ERROR] LogOutputStream:74 - [STDERR_REDIRECT] 	at java.desktop/javax.swing.JComponent.paint(JComponent.java:1074)
2022-09-07 13:28:21,759 [ERROR] LogOutputStream:74 - [STDERR_REDIRECT] 	at java.desktop/javax.swing.JComponent.paintToOffscreen(JComponent.java:5255)
2022-09-07 13:28:21,762 [ERROR] LogOutputStream:74 - [STDERR_REDIRECT] 	at java.desktop/javax.swing.RepaintManager$PaintManager.paintDoubleBufferedFPScales(RepaintManager.java:1707)
2022-09-07 13:28:21,766 [ERROR] LogOutputStream:74 - [STDERR_REDIRECT] 	at java.desktop/javax.swing.RepaintManager$PaintManager.paintDoubleBuffered(RepaintManager.java:1616)
2022-09-07 13:28:21,768 [ERROR] LogOutputStream:74 - [STDERR_REDIRECT] 	at java.desktop/javax.swing.RepaintManager$PaintManager.paint(RepaintManager.java:1556)
2022-09-07 13:28:21,770 [ERROR] LogOutputStream:74 - [STDERR_REDIRECT] 	at java.desktop/javax.swing.RepaintManager.paint(RepaintManager.java:1323)
2022-09-07 13:28:21,772 [ERROR] LogOutputStream:74 - [STDERR_REDIRECT] 	at java.desktop/javax.swing.JComponent._paintImmediately(JComponent.java:5203)
2022-09-07 13:28:21,774 [ERROR] LogOutputStream:74 - [STDERR_REDIRECT] 	at java.desktop/javax.swing.JComponent.paintImmediately(JComponent.java:5013)
2022-09-07 13:28:21,775 [ERROR] LogOutputStream:74 - [STDERR_REDIRECT] 	at java.desktop/javax.swing.RepaintManager$4.run(RepaintManager.java:865)
2022-09-07 13:28:21,777 [ERROR] LogOutputStream:74 - [STDERR_REDIRECT] 	at java.desktop/javax.swing.RepaintManager$4.run(RepaintManager.java:848)
2022-09-07 13:28:21,779 [ERROR] LogOutputStream:74 - [STDERR_REDIRECT] 	at java.base/java.security.AccessController.doPrivileged(Native Method)
2022-09-07 13:28:21,781 [ERROR] LogOutputStream:74 - [STDERR_REDIRECT] 	at java.base/java.security.ProtectionDomain$JavaSecurityAccessImpl.doIntersectionPrivilege(ProtectionDomain.java:85)
2022-09-07 13:28:21,787 [ERROR] LogOutputStream:74 - [STDERR_REDIRECT] 	at java.desktop/javax.swing.RepaintManager.paintDirtyRegions(RepaintManager.java:848)
2022-09-07 13:28:21,789 [ERROR] LogOutputStream:74 - [STDERR_REDIRECT] 	at java.desktop/javax.swing.RepaintManager.paintDirtyRegions(RepaintManager.java:823)
2022-09-07 13:28:21,792 [ERROR] LogOutputStream:74 - [STDERR_REDIRECT] 	at java.desktop/javax.swing.RepaintManager.prePaintDirtyRegions(RepaintManager.java:772)
2022-09-07 13:28:21,794 [ERROR] LogOutputStream:74 - [STDERR_REDIRECT] 	at java.desktop/javax.swing.RepaintManager$ProcessingRunnable.run(RepaintManager.java:1890)
2022-09-07 13:28:21,796 [ERROR] LogOutputStream:74 - [STDERR_REDIRECT] 	at java.desktop/java.awt.event.InvocationEvent.dispatch(InvocationEvent.java:313)
2022-09-07 13:28:21,798 [ERROR] LogOutputStream:74 - [STDERR_REDIRECT] 	at java.desktop/java.awt.EventQueue.dispatchEventImpl(EventQueue.java:770)
2022-09-07 13:28:21,799 [ERROR] LogOutputStream:74 - [STDERR_REDIRECT] 	at java.desktop/java.awt.EventQueue$4.run(EventQueue.java:721)
2022-09-07 13:28:21,801 [ERROR] LogOutputStream:74 - [STDERR_REDIRECT] 	at java.desktop/java.awt.EventQueue$4.run(EventQueue.java:715)
2022-09-07 13:28:21,803 [ERROR] LogOutputStream:74 - [STDERR_REDIRECT] 	at java.base/java.security.AccessController.doPrivileged(Native Method)
2022-09-07 13:28:21,805 [ERROR] LogOutputStream:74 - [STDERR_REDIRECT] 	at java.base/java.security.ProtectionDomain$JavaSecurityAccessImpl.doIntersectionPrivilege(ProtectionDomain.java:85)
2022-09-07 13:28:21,807 [ERROR] LogOutputStream:74 - [STDERR_REDIRECT] 	at java.desktop/java.awt.EventQueue.dispatchEvent(EventQueue.java:740)
2022-09-07 13:28:21,810 [ERROR] LogOutputStream:74 - [STDERR_REDIRECT] 	at java.desktop/java.awt.EventDispatchThread.pumpOneEventForFilters(EventDispatchThread.java:203)
2022-09-07 13:28:21,813 [ERROR] LogOutputStream:74 - [STDERR_REDIRECT] 	at java.desktop/java.awt.EventDispatchThread.pumpEventsForFilter(EventDispatchThread.java:124)
2022-09-07 13:28:21,815 [ERROR] LogOutputStream:74 - [STDERR_REDIRECT] 	at java.desktop/java.awt.EventDispatchThread.pumpEventsForFilter(EventDispatchThread.java:117)
2022-09-07 13:28:21,816 [ERROR] LogOutputStream:74 - [STDERR_REDIRECT] 	at java.desktop/java.awt.WaitDispatchSupport$2.run(WaitDispatchSupport.java:190)
2022-09-07 13:28:21,818 [ERROR] LogOutputStream:74 - [STDERR_REDIRECT] 	at java.desktop/java.awt.WaitDispatchSupport$4.run(WaitDispatchSupport.java:235)
2022-09-07 13:28:21,820 [ERROR] LogOutputStream:74 - [STDERR_REDIRECT] 	at java.desktop/java.awt.WaitDispatchSupport$4.run(WaitDispatchSupport.java:233)
2022-09-07 13:28:21,821 [ERROR] LogOutputStream:74 - [STDERR_REDIRECT] 	at java.base/java.security.AccessController.doPrivileged(Native Method)
2022-09-07 13:28:21,823 [ERROR] LogOutputStream:74 - [STDERR_REDIRECT] 	at java.desktop/java.awt.WaitDispatchSupport.enter(WaitDispatchSupport.java:233)
2022-09-07 13:28:21,824 [ERROR] LogOutputStream:74 - [STDERR_REDIRECT] 	at java.desktop/java.awt.Dialog.show(Dialog.java:1070)
2022-09-07 13:28:21,827 [ERROR] LogOutputStream:74 - [STDERR_REDIRECT] 	at com.st.microxplorer.plugins.updater.gui.ProgressBarDialog.startProgressBar(ProgressBarDialog.java:153)
2022-09-07 13:28:21,833 [ERROR] LogOutputStream:74 - [STDERR_REDIRECT] 	at com.st.microxplorer.plugins.updater.engine.MainUpdater.loadDatabaseName(MainUpdater.java:2071)
2022-09-07 13:28:21,835 [ERROR] LogOutputStream:74 - [STDERR_REDIRECT] 	at com.st.microxplorer.plugins.updater.Updater.getSpecificTask(Updater.java:339)
2022-09-07 13:28:21,839 [ERROR] LogOutputStream:74 - [STDERR_REDIRECT] 	at com.st.microxplorer.plugins.projectmanager.engine.MainProjectManager.getLoadedFileDbVersion(MainProjectManager.java:1058)
2022-09-07 13:28:21,843 [ERROR] LogOutputStream:74 - [STDERR_REDIRECT] 	at com.st.microxplorer.plugins.projectmanager.ProjectManagerView.getSpecificTask(ProjectManagerView.java:727)
2022-09-07 13:28:21,846 [ERROR] LogOutputStream:74 - [STDERR_REDIRECT] 	at com.st.microxplorer.plugins.filemanager.engine.OpenFileManager.LoadConfig(OpenFileManager.java:304)
2022-09-07 13:28:21,850 [ERROR] LogOutputStream:74 - [STDERR_REDIRECT] 	at com.st.microxplorer.plugins.filemanager.engine.OpenFileManager.loadConfigurationFile(OpenFileManager.java:245)
2022-09-07 13:28:21,854 [ERROR] LogOutputStream:74 - [STDERR_REDIRECT] 	at com.st.microxplorer.plugins.filemanager.engine.MainFileManager.userLoadConfig(MainFileManager.java:283)
2022-09-07 13:28:21,858 [ERROR] LogOutputStream:74 - [STDERR_REDIRECT] 	at com.st.microxplorer.plugins.filemanager.FileManagerView.getSpecificTask(FileManagerView.java:244)
2022-09-07 13:28:21,861 [ERROR] LogOutputStream:74 - [STDERR_REDIRECT] 	at com.st.stm32cube.common.mx.editor.CubeMxEditor.getMxTabbedPaneInstance(CubeMxEditor.java:1121)
2022-09-07 13:28:21,865 [ERROR] LogOutputStream:74 - [STDERR_REDIRECT] 	at com.st.stm32cube.common.mx.editor.CubeMxEditor$11$1.createSwingComponent(CubeMxEditor.java:1031)
2022-09-07 13:28:21,868 [ERROR] LogOutputStream:74 - [STDERR_REDIRECT] 	at com.st.stm32cube.common.mx.oss.core.awtswtbridge.EmbeddedSwingComposite.doComponentCreation(EmbeddedSwingComposite.java:492)
2022-09-07 13:28:21,872 [ERROR] LogOutputStream:74 - [STDERR_REDIRECT] 	at com.st.stm32cube.common.mx.oss.core.awtswtbridge.EmbeddedSwingComposite$4.run(EmbeddedSwingComposite.java:291)
2022-09-07 13:28:21,875 [ERROR] LogOutputStream:74 - [STDERR_REDIRECT] 	at com.st.stm32cube.common.mx.oss.core.awtswtbridge.AwtEnvironment$2.run(AwtEnvironment.java:166)
2022-09-07 13:28:21,878 [ERROR] LogOutputStream:74 - [STDERR_REDIRECT] 	at java.desktop/java.awt.event.InvocationEvent.dispatch(InvocationEvent.java:313)
2022-09-07 13:28:21,880 [ERROR] LogOutputStream:74 - [STDERR_REDIRECT] 	at java.desktop/java.awt.EventQueue.dispatchEventImpl(EventQueue.java:770)
2022-09-07 13:28:21,882 [ERROR] LogOutputStream:74 - [STDERR_REDIRECT] 	at java.desktop/java.awt.EventQueue$4.run(EventQueue.java:721)
2022-09-07 13:28:21,884 [ERROR] LogOutputStream:74 - [STDERR_REDIRECT] 	at java.desktop/java.awt.EventQueue$4.run(EventQueue.java:715)
2022-09-07 13:28:21,887 [ERROR] LogOutputStream:74 - [STDERR_REDIRECT] 	at java.base/java.security.AccessController.doPrivileged(Native Method)
2022-09-07 13:28:21,890 [ERROR] LogOutputStream:74 - [STDERR_REDIRECT] 	at java.base/java.security.ProtectionDomain$JavaSecurityAccessImpl.doIntersectionPrivilege(ProtectionDomain.java:85)
2022-09-07 13:28:21,893 [ERROR] LogOutputStream:74 - [STDERR_REDIRECT] 	at java.desktop/java.awt.EventQueue.dispatchEvent(EventQueue.java:740)
2022-09-07 13:28:21,896 [ERROR] LogOutputStream:74 - [STDERR_REDIRECT] 	at java.desktop/java.awt.EventDispatchThread.pumpOneEventForFilters(EventDispatchThread.java:203)
2022-09-07 13:28:21,900 [ERROR] LogOutputStream:74 - [STDERR_REDIRECT] 	at java.desktop/java.awt.EventDispatchThread.pumpEventsForFilter(EventDispatchThread.java:124)
2022-09-07 13:28:21,902 [ERROR] LogOutputStream:74 - [STDERR_REDIRECT] 	at java.desktop/java.awt.EventDispatchThread.pumpEventsForHierarchy(EventDispatchThread.java:113)
2022-09-07 13:28:21,904 [ERROR] LogOutputStream:74 - [STDERR_REDIRECT] 	at java.desktop/java.awt.EventDispatchThread.pumpEvents(EventDispatchThread.java:109)
2022-09-07 13:28:21,906 [ERROR] LogOutputStream:74 - [STDERR_REDIRECT] 	at java.desktop/java.awt.EventDispatchThread.pumpEvents(EventDispatchThread.java:101)
2022-09-07 13:28:21,907 [ERROR] LogOutputStream:74 - [STDERR_REDIRECT] 	at java.desktop/java.awt.EventDispatchThread.run(EventDispatchThread.java:90)
2022-09-07 13:28:25,641 [INFO] LoadServerPackagesThread:190 - End of LoadServerPackages Thread
2022-09-07 13:28:25,655 [ERROR] LogOutputStream:74 - [STDERR_REDIRECT] [Fatal Error] PacksControlFlags.xml:113:4: The value of attribute "versionMax" associated with an element type "Pack" must not contain the '<' character.
2022-09-07 13:28:25,656 [ERROR] LogOutputStream:74 - [STDERR_REDIRECT] 
2022-09-07 13:28:25,656 [ERROR] AbstractXmlFileManage:140 - The value of attribute "versionMax" associated with an element type "Pack" must not contain the '<' character.
2022-09-07 13:28:25,656 [WARN] CheckServerUpdateThread:142 - Open Updater Control File Fail
2022-09-07 13:28:25,779 [INFO] CheckServerUpdateThread:119 - End of CheckServer Thread
2022-09-07 13:28:25,786 [INFO] MicroXplorer:451 - Change Database Path : C:/Users/gamin/.stm32cubemx/databases/DB.6.0.50/db/
2022-09-07 13:28:25,786 [INFO] MicroXplorer:481 - Change Database Version : DB.6.0.50
2022-09-07 13:28:25,786 [INFO] OpenFileManager:307 - Change cursor
2022-09-07 13:28:25,916 [INFO] Mcu:1922 - Initializing MCU STM32F051R8Tx STM32F051R8Tx STM32F051R8T6
2022-09-07 13:28:26,912 [INFO] Context:654 - Trying to add GPIOservice into a context  which must be forbidden
2022-09-07 13:28:27,283 [WARN] ApiManager:308 - Cannot register API 'Board Extension:GNSS1A1' from pack STMicroelectronics.X-CUBE-GNSS1.6.0.0: no header file found
2022-09-07 13:28:27,283 [WARN] ApiManager:308 - Cannot register API 'Board Support:Custom' from pack STMicroelectronics.X-CUBE-GNSS1.6.0.0: no header file found
2022-09-07 13:28:27,283 [WARN] ApiManager:308 - Cannot register API 'Data Exchange:lib_gnss' from pack STMicroelectronics.X-CUBE-GNSS1.6.0.0: no header file found
2022-09-07 13:28:27,439 [WARN] ApiManager:308 - Cannot register API 'Board Extension:IKS01A3' from pack STMicroelectronics.X-CUBE-MEMS1.9.2.0: no header file found
2022-09-07 13:28:27,439 [WARN] ApiManager:308 - Cannot register API 'Board Extension:IKS01A2' from pack STMicroelectronics.X-CUBE-MEMS1.9.2.0: no header file found
2022-09-07 13:28:27,439 [WARN] ApiManager:308 - Cannot register API 'Board Extension:IKS02A1' from pack STMicroelectronics.X-CUBE-MEMS1.9.2.0: no header file found
2022-09-07 13:28:27,450 [WARN] ApiManager:308 - Cannot register API 'Wireless:BlueNRG-MS' from pack STMicroelectronics.X-CUBE-BLE1.6.2.3: no header file found
2022-09-07 13:28:27,460 [INFO] RtosManager:488 - Registered RTOS mode: class=CMSIS, group=RTOS, mode=CMSIS_V1, owner=FREERTOS
2022-09-07 13:28:27,460 [INFO] RtosManager:488 - Registered RTOS mode: class=CMSIS, group=RTOS2, mode=CMSIS_V2, owner=FREERTOS
2022-09-07 13:28:27,461 [INFO] RtosManager:488 - Registered RTOS mode: class=RTOS, group=Core, mode=CMSIS_V1, owner=FREERTOS
2022-09-07 13:28:27,461 [INFO] RtosManager:488 - Registered RTOS mode: class=RTOS, group=Core, mode=CMSIS_V2, owner=FREERTOS
2022-09-07 13:28:27,461 [WARN] ModelIntegratedComponent:185 - Missing modes for component STMicroelectronics:FreeRTOS:0.0.1:STMicroelectronics:RTOS:FreeRTOS:Core:::10.2.0:
2022-09-07 13:28:27,466 [WARN] ApiManager:308 - Cannot register API 'Board Extension:S2868A1' from pack STMicroelectronics.X-CUBE-SUBG2.5.0.0: no header file found
2022-09-07 13:28:27,466 [WARN] ApiManager:308 - Cannot register API 'Board Extension:S2868A2' from pack STMicroelectronics.X-CUBE-SUBG2.5.0.0: no header file found
2022-09-07 13:28:27,466 [WARN] ApiManager:308 - Cannot register API 'Board Extension:S2915A1' from pack STMicroelectronics.X-CUBE-SUBG2.5.0.0: no header file found
2022-09-07 13:28:27,471 [WARN] ApiManager:308 - Cannot register API 'Board Extension:NFC04A1' from pack STMicroelectronics.X-CUBE-NFC4.2.0.4: no header file found
2022-09-07 13:28:27,472 [WARN] ApiManager:308 - Cannot register API 'Wireless:BlueNRG-2' from pack STMicroelectronics.X-CUBE-BLE2.3.2.2: no header file found
2022-09-07 13:28:27,476 [WARN] ApiManager:308 - Cannot register API 'Board Extension:S2868A1' from pack STMicroelectronics.X-CUBE-SFXS2LP1.3.1.0: no header file found
2022-09-07 13:28:27,476 [WARN] ApiManager:308 - Cannot register API 'Board Extension:S2868A2' from pack STMicroelectronics.X-CUBE-SFXS2LP1.3.1.0: no header file found
2022-09-07 13:28:27,476 [WARN] ApiManager:308 - Cannot register API 'Board Extension:S2915A1' from pack STMicroelectronics.X-CUBE-SFXS2LP1.3.1.0: no header file found
2022-09-07 13:28:27,482 [WARN] ModelIntegratedComponent:64 - No mode defined for component null
2022-09-07 13:28:27,482 [WARN] ModelIntegratedComponent:64 - No mode defined for component null
2022-09-07 13:28:27,483 [WARN] ModelIntegratedComponent:64 - No mode defined for component null
2022-09-07 13:28:27,483 [WARN] ModelIntegratedComponent:64 - No mode defined for component null
2022-09-07 13:28:27,483 [WARN] ModelIntegratedComponent:64 - No mode defined for component null
2022-09-07 13:28:27,483 [WARN] ModelIntegratedComponent:64 - No mode defined for component null
2022-09-07 13:28:27,483 [WARN] ModelIntegratedComponent:64 - No mode defined for component null
2022-09-07 13:28:27,483 [WARN] ModelIntegratedComponent:64 - No mode defined for component null
2022-09-07 13:28:27,483 [WARN] ModelIntegratedComponent:64 - No mode defined for component null
2022-09-07 13:28:27,483 [WARN] ModelIntegratedComponent:64 - No mode defined for component null
2022-09-07 13:28:27,483 [WARN] ModelIntegratedComponent:64 - No mode defined for component null
2022-09-07 13:28:27,483 [WARN] ModelIntegratedComponent:64 - No mode defined for component null
2022-09-07 13:28:27,484 [WARN] ModelIntegratedComponent:64 - No mode defined for component null
2022-09-07 13:28:27,484 [WARN] ModelIntegratedComponent:64 - No mode defined for component null
2022-09-07 13:28:27,484 [WARN] ModelIntegratedComponent:64 - No mode defined for component null
2022-09-07 13:28:27,484 [WARN] ModelIntegratedComponent:64 - No mode defined for component null
2022-09-07 13:28:27,484 [WARN] ModelIntegratedComponent:64 - No mode defined for component null
2022-09-07 13:28:27,484 [WARN] ModelIntegratedComponent:64 - No mode defined for component null
2022-09-07 13:28:27,484 [WARN] ModelIntegratedComponent:64 - No mode defined for component null
2022-09-07 13:28:27,484 [WARN] ModelIntegratedComponent:64 - No mode defined for component null
2022-09-07 13:28:27,484 [WARN] ModelIntegratedComponent:64 - No mode defined for component null
2022-09-07 13:28:27,484 [WARN] ModelIntegratedComponent:64 - No mode defined for component null
2022-09-07 13:28:27,484 [WARN] ModelIntegratedComponent:64 - No mode defined for component null
2022-09-07 13:28:27,484 [WARN] ModelIntegratedComponent:64 - No mode defined for component null
2022-09-07 13:28:27,484 [WARN] ModelIntegratedComponent:64 - No mode defined for component null
2022-09-07 13:28:27,485 [WARN] ModelIntegratedComponent:64 - No mode defined for component null
2022-09-07 13:28:27,485 [WARN] ModelIntegratedComponent:64 - No mode defined for component null
2022-09-07 13:28:27,485 [WARN] ModelIntegratedComponent:64 - No mode defined for component null
2022-09-07 13:28:27,485 [WARN] ModelIntegratedComponent:64 - No mode defined for component null
2022-09-07 13:28:27,485 [WARN] ModelIntegratedComponent:64 - No mode defined for component null
2022-09-07 13:28:27,485 [WARN] ModelIntegratedComponent:64 - No mode defined for component null
2022-09-07 13:28:27,485 [WARN] ModelIntegratedComponent:64 - No mode defined for component null
2022-09-07 13:28:27,485 [WARN] ModelIntegratedComponent:64 - No mode defined for component null
2022-09-07 13:28:27,487 [WARN] ApiManager:308 - Cannot register API 'Board Extension:NFC07A1' from pack STMicroelectronics.X-CUBE-NFC7.1.0.0: no header file found
2022-09-07 13:28:27,535 [WARN] ApiManager:308 - Cannot register API 'Board Extension:IKS01A3' from pack STMicroelectronics.X-CUBE-MEMS1.9.3.0: no header file found
2022-09-07 13:28:27,536 [WARN] ApiManager:308 - Cannot register API 'Board Extension:IKS01A2' from pack STMicroelectronics.X-CUBE-MEMS1.9.3.0: no header file found
2022-09-07 13:28:27,536 [WARN] ApiManager:308 - Cannot register API 'Board Extension:IKS02A1' from pack STMicroelectronics.X-CUBE-MEMS1.9.3.0: no header file found
2022-09-07 13:28:27,542 [WARN] ApiManager:308 - Cannot register API 'Board Extension:EEPRMA1' from pack STMicroelectronics.X-CUBE-EEPRMA1.3.1.1: no header file found
2022-09-07 13:28:27,543 [WARN] ApiManager:308 - Cannot register API 'Board Extension:EEPRMA2' from pack STMicroelectronics.X-CUBE-EEPRMA1.3.1.1: no header file found
2022-09-07 13:28:27,543 [WARN] ApiManager:308 - Cannot register API 'Board Extension:GNSS1A1' from pack STMicroelectronics.X-CUBE-GNSS1.5.2.0: no header file found
2022-09-07 13:28:27,543 [WARN] ApiManager:308 - Cannot register API 'Board Support:Custom' from pack STMicroelectronics.X-CUBE-GNSS1.5.2.0: no header file found
2022-09-07 13:28:27,543 [WARN] ApiManager:308 - Cannot register API 'Data Exchange:lib_gnss' from pack STMicroelectronics.X-CUBE-GNSS1.5.2.0: no header file found
2022-09-07 13:28:27,544 [WARN] ApiManager:308 - Cannot register API 'Board Extension:S2868A1' from pack STMicroelectronics.X-CUBE-SFXS2LP1.4.0.0: no header file found
2022-09-07 13:28:27,544 [WARN] ApiManager:308 - Cannot register API 'Board Extension:S2868A2' from pack STMicroelectronics.X-CUBE-SFXS2LP1.4.0.0: no header file found
2022-09-07 13:28:27,544 [WARN] ApiManager:308 - Cannot register API 'Board Extension:S2915A1' from pack STMicroelectronics.X-CUBE-SFXS2LP1.4.0.0: no header file found
2022-09-07 13:28:27,544 [WARN] ApiManager:308 - Cannot register API 'Wireless:BlueNRG-2' from pack STMicroelectronics.X-CUBE-BLE2.3.3.0: no header file found
2022-09-07 13:28:27,556 [INFO] ThirdPartyModel:289 - Start build external matchings
2022-09-07 13:28:27,900 [INFO] ThirdPartyModel:302 - End build external matchings
2022-09-07 13:28:27,930 [INFO] ImportTextPane:193 - (OptionalMessage_ERROR) IP (DMA) : Parameter (Instance) has Id (USART2_TX) currently not set
2022-09-07 13:28:27,930 [INFO] ImportTextPane:193 - (OptionalMessage_ERROR) IP (DMA) : Parameter (Direction) has Id (USART2_TX) currently not set
2022-09-07 13:28:27,931 [INFO] ImportTextPane:193 - (OptionalMessage_ERROR) IP (DMA) : Parameter (PeriphInc) has Id (USART2_TX) currently not set
2022-09-07 13:28:27,931 [INFO] ImportTextPane:193 - (OptionalMessage_ERROR) IP (DMA) : Parameter (MemInc) has Id (USART2_TX) currently not set
2022-09-07 13:28:27,931 [INFO] ImportTextPane:193 - (OptionalMessage_ERROR) IP (DMA) : Parameter (PeriphDataAlignment) has Id (USART2_TX) currently not set
2022-09-07 13:28:27,931 [INFO] ImportTextPane:193 - (OptionalMessage_ERROR) IP (DMA) : Parameter (MemDataAlignment) has Id (USART2_TX) currently not set
2022-09-07 13:28:27,932 [INFO] ImportTextPane:193 - (OptionalMessage_ERROR) IP (DMA) : Parameter (Mode) has Id (USART2_TX) currently not set
2022-09-07 13:28:27,932 [INFO] ImportTextPane:193 - (OptionalMessage_ERROR) IP (DMA) : Parameter (Priority) has Id (USART2_TX) currently not set
2022-09-07 13:28:27,936 [INFO] ImportTextPane:193 - (OptionalMessage_ERROR) IP (RCC) : Invalid parameter (FamilyName)
2022-09-07 13:28:27,936 [INFO] ImportTextPane:193 - (OptionalMessage_ERROR) IP (RCC) : Invalid parameter (HSICECFreq_Value)
2022-09-07 13:28:28,163 [INFO] UtilMem:74 - End LoadConfig() Used Memory: 902224872 Bytes (1073741824)
2022-09-07 13:28:28,289 [INFO] ApiDb:576 - Connected to CubeFinder SQLite database (C:\Users\gamin\.stmcufinder\plugins\mcufinder\mcu\cube-finder-db.db)
2022-09-07 13:28:28,315 [INFO] ApiDb:663 - CubeFinder database Data Model version=2.1
2022-09-07 13:28:28,315 [INFO] ApiDb:664 - CubeFinder database Configuration version=3.0.32
2022-09-07 13:28:28,315 [INFO] ApiDb:665 - CubeFinder database generation date=2022-06-13 (1655129059)
2022-09-07 13:28:28,315 [INFO] ApiDb:666 - CubeFinder database FW Pack versions=[STM32Cube_FW_C0_V1.0.0, STM32Cube_FW_F4_V1.27.0, STM32Cube_FW_F7_V1.17.0, STM32Cube_FW_G0_V1.6.0, STM32Cube_FW_G4_V1.5.0, STM32Cube_FW_H7_V1.10.0, STM32Cube_FW_L5_V1.4.0, STM32Cube_FW_U5_V1.1.1, STM32Cube_FW_WB_V1.14.0, STM32Cube_FW_WL_V1.2.0, X-CUBE-ALGOBUILD_V1.3.0, X-CUBE-ALS_V1.0.1, X-CUBE-AZRTOS-F4_V1.0.0, X-CUBE-AZRTOS-F7_V1.0.0, X-CUBE-AZRTOS-G0_V1.0.0, X-CUBE-AZRTOS-G4_V1.0.0, X-CUBE-AZRTOS-H7_V2.1.0, X-CUBE-AZRTOS-L4_V1.0.0, X-CUBE-AZRTOS-L5_V1.0.0, X-CUBE-AZRTOS-WL_V1.0.0, X-CUBE-BLE1_V6.2.3, X-CUBE-BLE2_V3.3.0, X-CUBE-EEPRMA1_V3.1.1, X-CUBE-GNSS1_V6.0.0, X-CUBE-MEMS1_V9.1.0, X-CUBE-NFC4_V2.0.3, X-CUBE-NFC7_V1.0.0, X-CUBE-SFXS2LP1_V3.1.0, X-CUBE-SUBG2_V5.0.0]
2022-09-07 13:28:29,836 [INFO] ApiDb:239 - Found 138 in-development CPN: [B-WB1M-WPAN1, NUCLEO-C031C6, STEVAL-STWINBX1, STM320518-EVAL, STM32C0116-DK, STM32C011D6Y3TR, STM32C011D6Y6TR, STM32C011F4P3, STM32C011F4P6, STM32C011F4U3, STM32C011F4U6TR, STM32C011F6P3, STM32C011F6P6, STM32C011F6U3, STM32C011F6U6TR, STM32C011J4M3, STM32C011J4M6, STM32C011J6M3, STM32C011J6M6, STM32C0316-DK, STM32C031C4T3, STM32C031C4T6, STM32C031C4U3, STM32C031C4U6, STM32C031C6T3, STM32C031C6T6, STM32C031C6U3, STM32C031C6U6, STM32C031F4P3, STM32C031F4P6, STM32C031F6P3, STM32C031F6P6, STM32C031G4U3, STM32C031G4U6, STM32C031G6U3, STM32C031G6U6, STM32C031K4T3, STM32C031K4T6, STM32C031K4U3, STM32C031K4U6, STM32C031K6T3, STM32C031K6T6, STM32C031K6U3, STM32C031K6U6, STM32G071K8TXN, STM32G071K8UXN, STM32G081GBU6N, STM32G081KBT6N, STM32G081KBUXN, STM32G0B1CCT6N, STM32G0B1KCT6, STM32G0B1NEY6TR, STM32G0B1RCT6N, STM32G0C1CCT6, STM32G0C1CCT6N, STM32G0C1CCU6N, STM32G0C1CET6N, STM32G0C1CEU6N, STM32G0C1KCT6, STM32G0C1NEY6TR, STM32G0C1RCI6N, STM32G0C1RCT6N, STM32G0C1REI6N, STM32G0C1RET6N, STM32G0C1VCI6, STM32G0C1VEI6, STM32G471CCT6, STM32G471CCU6, STM32G471CET3, STM32G471CET6, STM32G471CEU3, STM32G471CEU6, STM32G471MCT6, STM32G471MET3, STM32G471MET6, STM32G471MEY6TR, STM32G471QCT6, STM32G471QET3, STM32G471RCT6, STM32G471RET3, STM32G471RET6, STM32G471VCH6, STM32G471VCI6, STM32G471VCT6, STM32G471VEH3, STM32G471VEH6, STM32G471VEI3, STM32G471VEI6, STM32G471VET3, STM32G471VET6, STM32G474CCT6, STM32L476VGY6PTR, STM32L4R5QGI6STR, STM32MP131AAE3, STM32MP131AAF3, STM32MP131AAG3, STM32MP131CAE3, STM32MP131CAF3, STM32MP131CAG3, STM32MP131DAE7, STM32MP131DAF7, STM32MP131DAG7, STM32MP131FAE7, STM32MP131FAF7, STM32MP131FAG7, STM32MP133AAE3, STM32MP133AAF3, STM32MP133AAG3, STM32MP133CAE3, STM32MP133CAF3, STM32MP133CAG3, STM32MP133DAE7, STM32MP133DAF7, STM32MP133DAG7, STM32MP133FAE7, STM32MP133FAF7, STM32MP133FAG7, STM32MP135AAE3, STM32MP135AAF3, STM32MP135AAG3, STM32MP135CAE3, STM32MP135CAF3, STM32MP135CAG3, STM32MP135DAE7, STM32MP135DAF7, STM32MP135DAG7, STM32MP135F-DK, STM32MP135FAE7, STM32MP135FAF7, STM32MP135FAG7, STM32U595ZJT6Q, STM32U599BJY6QTR, STM32U599NIH6Q, STM32U599NJH6Q, STM32U5A5ZJT6Q, STM32U5A9BJY6QTR, STM32U5A9NJH6Q, STM32WB1MMCH6]
2022-09-07 13:28:29,840 [INFO] DbMcus:215 - Found 3542 MCUs, 3542 are supported
2022-09-07 13:28:29,842 [INFO] ApiDb:418 - Load user favorites file C:\Users\gamin/.stm32cubeide/favorites.mcus.txt: 0 item(s)
2022-09-07 13:28:29,842 [INFO] ApiDb:422 - User favorites MCUs=[]
2022-09-07 13:28:29,843 [INFO] DbMcus:221 - Set 0 / 0 favorites MCUs
2022-09-07 13:28:29,851 [WARN] ThirdParty:789 - waiting for thirdparty lock release [change project]
2022-09-07 13:28:29,851 [INFO] ThirdParty:791 - entering critical section [change project]
2022-09-07 13:28:29,851 [INFO] ThirdParty:981 - CMSIS Pack Vendor :RoweBots I-CUBE-UNISONRTOS 5.5.0-4
2022-09-07 13:28:29,851 [INFO] ThirdParty:981 - CMSIS Pack Vendor :STMicroelectronics X-CUBE-GNSS1 6.0.0
2022-09-07 13:28:29,851 [INFO] ThirdParty:981 - CMSIS Pack Vendor :STMicroelectronics X-CUBE-AZRTOS-H7 2.1.0
2022-09-07 13:28:29,851 [INFO] ThirdParty:981 - CMSIS Pack Vendor :STMicroelectronics USB_HOST 2.0.0
2022-09-07 13:28:29,851 [INFO] ThirdParty:981 - CMSIS Pack Vendor :STMicroelectronics X-CUBE-AZRTOS-F4 1.1.0
2022-09-07 13:28:29,851 [INFO] ThirdParty:981 - CMSIS Pack Vendor :STMicroelectronics LIBJPEG 8.0.0
2022-09-07 13:28:29,851 [INFO] ThirdParty:981 - CMSIS Pack Vendor :STMicroelectronics USB_DEVICE 3.0.0
2022-09-07 13:28:29,851 [INFO] ThirdParty:981 - CMSIS Pack Vendor :STMicroelectronics X-CUBE-BLEMGR 1.0.0
2022-09-07 13:28:29,851 [INFO] ThirdParty:981 - CMSIS Pack Vendor :STMicroelectronics X-CUBE-MEMS1 9.2.0
2022-09-07 13:28:29,851 [INFO] ThirdParty:981 - CMSIS Pack Vendor :STMicroelectronics X-CUBE-AZRTOS-F7 1.1.0
2022-09-07 13:28:29,851 [INFO] ThirdParty:981 - CMSIS Pack Vendor :STMicroelectronics USB_DEVICE 2.0.0
2022-09-07 13:28:29,852 [INFO] ThirdParty:981 - CMSIS Pack Vendor :STMicroelectronics X-CUBE-AI 7.1.0
2022-09-07 13:28:29,852 [INFO] ThirdParty:981 - CMSIS Pack Vendor :STMicroelectronics X-CUBE-TOUCHGFX 4.19.1
2022-09-07 13:28:29,852 [INFO] ThirdParty:981 - CMSIS Pack Vendor :STMicroelectronics X-CUBE-BLE1 6.2.3
2022-09-07 13:28:29,852 [INFO] ThirdParty:981 - CMSIS Pack Vendor :STMicroelectronics X-CUBE-ALGOBUILD 1.3.0
2022-09-07 13:28:29,852 [INFO] ThirdParty:981 - CMSIS Pack Vendor :STMicroelectronics FreeRTOS 0.0.1
2022-09-07 13:28:29,852 [INFO] ThirdParty:981 - CMSIS Pack Vendor :STMicroelectronics X-CUBE-AZRTOS-G0 1.1.0
2022-09-07 13:28:29,852 [INFO] ThirdParty:981 - CMSIS Pack Vendor :STMicroelectronics X-CUBE-SUBG2 5.0.0
2022-09-07 13:28:29,852 [INFO] ThirdParty:981 - CMSIS Pack Vendor :SEGGER I-CUBE-embOS 1.2.0
2022-09-07 13:28:29,852 [INFO] ThirdParty:981 - CMSIS Pack Vendor :STMicroelectronics STM32_WPAN 1.0.0
2022-09-07 13:28:29,852 [INFO] ThirdParty:981 - CMSIS Pack Vendor :STMicroelectronics lwIP 2.0.3
2022-09-07 13:28:29,852 [INFO] ThirdParty:981 - CMSIS Pack Vendor :STMicroelectronics X-CUBE-NFC4 2.0.4
2022-09-07 13:28:29,852 [INFO] ThirdParty:981 - CMSIS Pack Vendor :STMicroelectronics X-CUBE-BLE2 3.2.2
2022-09-07 13:28:29,852 [INFO] ThirdParty:981 - CMSIS Pack Vendor :STMicroelectronics USB_HOST 1.0.0
2022-09-07 13:28:29,853 [INFO] ThirdParty:981 - CMSIS Pack Vendor :STMicroelectronics PDM2PCM 3.1.0
2022-09-07 13:28:29,853 [INFO] ThirdParty:981 - CMSIS Pack Vendor :STMicroelectronics FP-ATR-ASTRA1 1.1.1
2022-09-07 13:28:29,853 [INFO] ThirdParty:981 - CMSIS Pack Vendor :STMicroelectronics PDM2PCM 3.3.0
2022-09-07 13:28:29,853 [INFO] ThirdParty:981 - CMSIS Pack Vendor :STMicroelectronics X-CUBE-TOF1 3.1.0
2022-09-07 13:28:29,853 [INFO] ThirdParty:981 - CMSIS Pack Vendor :STMicroelectronics X-CUBE-SFXS2LP1 3.1.0
2022-09-07 13:28:29,853 [INFO] ThirdParty:981 - CMSIS Pack Vendor :STMicroelectronics X-CUBE-AZRTOS-F4 1.0.0
2022-09-07 13:28:29,853 [INFO] ThirdParty:981 - CMSIS Pack Vendor :STMicroelectronics X-CUBE-AZRTOS-G4 1.0.0
2022-09-07 13:28:29,853 [INFO] ThirdParty:981 - CMSIS Pack Vendor :wolfSSL I-CUBE-wolfSSL 5.3.0
2022-09-07 13:28:29,853 [INFO] ThirdParty:981 - CMSIS Pack Vendor :STMicroelectronics X-CUBE-AZRTOS-L4 1.0.0
2022-09-07 13:28:29,853 [INFO] ThirdParty:981 - CMSIS Pack Vendor :STMicroelectronics HAL Drivers 0.0.0
2022-09-07 13:28:29,853 [INFO] ThirdParty:981 - CMSIS Pack Vendor :STMicroelectronics MBEDTLS 2.16.2
2022-09-07 13:28:29,853 [INFO] ThirdParty:981 - CMSIS Pack Vendor :emotas I-CUBE-CANOPEN 1.1.2
2022-09-07 13:28:29,853 [INFO] ThirdParty:981 - CMSIS Pack Vendor :STMicroelectronics X-CUBE-TOUCHGFX 4.20.0
2022-09-07 13:28:29,853 [INFO] ThirdParty:981 - CMSIS Pack Vendor :STMicroelectronics MBEDTLS 2.14.1
2022-09-07 13:28:29,853 [INFO] ThirdParty:981 - CMSIS Pack Vendor :STMicroelectronics X-CUBE-NFC7 1.0.0
2022-09-07 13:28:29,854 [INFO] ThirdParty:981 - CMSIS Pack Vendor :STMicroelectronics X-CUBE-AZRTOS-F7 1.0.0
2022-09-07 13:28:29,854 [INFO] ThirdParty:981 - CMSIS Pack Vendor :STMicroelectronics X-CUBE-AZRTOS-WL 1.0.0
2022-09-07 13:28:29,854 [INFO] ThirdParty:981 - CMSIS Pack Vendor :STMicroelectronics X-CUBE-MEMS1 9.3.0
2022-09-07 13:28:29,854 [INFO] ThirdParty:981 - CMSIS Pack Vendor :portGmbH I-Cube-SoM-uGOAL 1.1.0
2022-09-07 13:28:29,854 [INFO] ThirdParty:981 - CMSIS Pack Vendor :STMicroelectronics X-CUBE-ALS 1.0.1
2022-09-07 13:28:29,854 [INFO] ThirdParty:981 - CMSIS Pack Vendor :STMicroelectronics X-CUBE-AI 7.2.0
2022-09-07 13:28:29,854 [INFO] ThirdParty:981 - CMSIS Pack Vendor :STMicroelectronics ThreadX 1.0.0
2022-09-07 13:28:29,854 [INFO] ThirdParty:981 - CMSIS Pack Vendor :STMicroelectronics X-CUBE-AZRTOS-L5 1.0.0
2022-09-07 13:28:29,854 [INFO] ThirdParty:981 - CMSIS Pack Vendor :STMicroelectronics USB_DEVICE 1.0.0
2022-09-07 13:28:29,854 [INFO] ThirdParty:981 - CMSIS Pack Vendor :STMicroelectronics X-CUBE-AZRTOS-G0 1.0.0
2022-09-07 13:28:29,854 [INFO] ThirdParty:981 - CMSIS Pack Vendor :STMicroelectronics X-CUBE-EEPRMA1 3.1.1
2022-09-07 13:28:29,854 [INFO] ThirdParty:981 - CMSIS Pack Vendor :STMicroelectronics X-CUBE-GNSS1 5.2.0
2022-09-07 13:28:29,855 [INFO] ThirdParty:981 - CMSIS Pack Vendor :STMicroelectronics ThreadX 0.0.2
2022-09-07 13:28:29,855 [INFO] ThirdParty:981 - CMSIS Pack Vendor :STMicroelectronics lwIP 2.1.2
2022-09-07 13:28:29,855 [INFO] ThirdParty:981 - CMSIS Pack Vendor :STMicroelectronics X-CUBE-SFXS2LP1 4.0.0
2022-09-07 13:28:29,855 [INFO] ThirdParty:981 - CMSIS Pack Vendor :STMicroelectronics X-CUBE-BLE2 3.3.0
2022-09-07 13:28:29,855 [INFO] ThirdParty:981 - CMSIS Pack Vendor :STMicroelectronics X-CUBE-DISPLAY 2.2.0
2022-09-07 13:28:29,855 [INFO] ThirdParty:981 - CMSIS Pack Vendor :STMicroelectronics PDM2PCM 3.2.0
2022-09-07 13:28:29,855 [INFO] ThirdParty:981 - CMSIS Pack Vendor :STMicroelectronics X-CUBE-TOF1 3.0.0
2022-09-07 13:28:29,855 [INFO] ThirdParty:981 - CMSIS Pack Vendor :STMicroelectronics X-CUBE-ISPU 1.0.0
2022-09-07 13:28:29,855 [INFO] ThirdParty:797 - exiting critical section [change project]
2022-09-07 13:28:30,372 [INFO] PinOutPanel:1468 - setPackage(No Configuration,No Configuration)
2022-09-07 13:28:30,374 [INFO] PinOutPanel:1468 - setPackage(STM32F051R8Tx,LQFP64)
2022-09-07 13:28:31,380 [INFO] UtilMem:74 - Before build in PCC Used Memory: 492779184 Bytes (1073741824)
2022-09-07 13:28:32,215 [INFO] UtilMem:74 - After build in PCC Used Memory: 688986768 Bytes (1073741824)
2022-09-07 13:28:32,235 [INFO] IPUIPlugin:79 - create IPUIPlugin
2022-09-07 13:28:32,235 [INFO] IPUIPlugin:79 - create IPUIPlugin
2022-09-07 13:28:32,235 [INFO] IPUIPlugin:79 - create IPUIPlugin
2022-09-07 13:28:32,236 [INFO] IPUIPlugin:79 - create IPUIPlugin
2022-09-07 13:28:32,236 [INFO] IPUIPlugin:79 - create IPUIPlugin
2022-09-07 13:28:32,236 [INFO] IPUIPlugin:79 - create IPUIPlugin
2022-09-07 13:28:32,236 [INFO] IPUIPlugin:79 - create IPUIPlugin
2022-09-07 13:28:32,236 [INFO] IPUIPlugin:79 - create IPUIPlugin
2022-09-07 13:28:32,236 [INFO] IPUIPlugin:79 - create IPUIPlugin
2022-09-07 13:28:32,237 [INFO] IPUIPlugin:79 - create IPUIPlugin
2022-09-07 13:28:32,237 [INFO] IPUIPlugin:79 - create IPUIPlugin
2022-09-07 13:28:32,237 [INFO] IPUIPlugin:79 - create IPUIPlugin
2022-09-07 13:28:32,237 [INFO] IPUIPlugin:79 - create IPUIPlugin
2022-09-07 13:28:32,237 [INFO] IPUIPlugin:79 - create IPUIPlugin
2022-09-07 13:28:32,238 [INFO] IPUIPlugin:79 - create IPUIPlugin
2022-09-07 13:28:32,238 [INFO] IPUIPlugin:79 - create IPUIPlugin
2022-09-07 13:28:32,238 [INFO] IPUIPlugin:79 - create IPUIPlugin
2022-09-07 13:28:32,239 [INFO] IPUIPlugin:79 - create IPUIPlugin
2022-09-07 13:28:32,239 [INFO] IPUIPlugin:79 - create IPUIPlugin
2022-09-07 13:28:32,239 [INFO] IPUIPlugin:79 - create IPUIPlugin
2022-09-07 13:28:32,239 [INFO] IPUIPlugin:79 - create IPUIPlugin
2022-09-07 13:28:32,239 [INFO] IPUIPlugin:79 - create IPUIPlugin
2022-09-07 13:28:32,239 [INFO] IPUIPlugin:79 - create IPUIPlugin
2022-09-07 13:28:32,240 [INFO] IPUIPlugin:79 - create IPUIPlugin
2022-09-07 13:28:32,240 [INFO] IPUIPlugin:79 - create IPUIPlugin
2022-09-07 13:28:32,240 [INFO] IPUIPlugin:79 - create IPUIPlugin
2022-09-07 13:28:32,240 [INFO] IPUIPlugin:79 - create IPUIPlugin
2022-09-07 13:28:32,240 [INFO] IPUIPlugin:79 - create IPUIPlugin
2022-09-07 13:28:32,241 [INFO] IPUIPlugin:79 - create IPUIPlugin
2022-09-07 13:28:32,241 [INFO] IPUIPlugin:79 - create IPUIPlugin
2022-09-07 13:28:32,241 [INFO] IPUIPlugin:79 - create IPUIPlugin
2022-09-07 13:28:32,241 [INFO] IPUIPlugin:79 - create IPUIPlugin
2022-09-07 13:28:32,242 [INFO] IPUIPlugin:79 - create IPUIPlugin
2022-09-07 13:28:32,242 [INFO] IPUIPlugin:79 - create IPUIPlugin
2022-09-07 13:28:32,506 [INFO] OpenFileManager:327 - Restore cursor
