2022-09-15 13:30:46,300 [INFO] Activator:177 - 


2022-09-15 13:30:46,302 [INFO] Activator:178 - !SESSION log4j initialized
2022-09-15 13:31:19,177 [ERROR] LogOutputStream:74 - [STDERR_REDIRECT] SLF4J: Failed to load class "org.slf4j.impl.StaticLoggerBinder".
2022-09-15 13:31:19,178 [ERROR] LogOutputStream:74 - [STDERR_REDIRECT] SLF4J: Defaulting to no-operation (NOP) logger implementation
2022-09-15 13:31:19,180 [ERROR] LogOutputStream:74 - [STDERR_REDIRECT] SLF4J: See http://www.slf4j.org/codes.html#StaticLoggerBinder for further details.
2022-09-15 14:49:50,980 [INFO] McuFinderGlobals:44 - Set McuFinder mode to 2 (CubeIDE integrated)
2022-09-15 14:49:54,415 [INFO] ApplicationProperties:181 - Using Application install path: E:\ST\STM32CubeIDE_1.9.0\STM32CubeIDE\plugins\com.st.stm32cube.common.mx_6.6.1.202207061420
2022-09-15 14:49:54,455 [INFO] DbMcusXml:77 - Set database path to: E:\ST\STM32CubeIDE_1.9.0\STM32CubeIDE\plugins\com.st.stm32cube.common.mx_6.6.1.202207061420\\db\/mcu/
2022-09-15 14:49:54,456 [INFO] ApiDb:269 - Set plugin database path to: E:\ST\STM32CubeIDE_1.9.0\STM32CubeIDE\plugins\com.st.stm32cube.common.mx_6.6.1.202207061420\\db\/plugins/boardmanager/
2022-09-15 14:49:54,457 [WARN] ApiDb:254 - Overriding images path with different value:  => E:\ST\STM32CubeIDE_1.9.0\STM32CubeIDE\plugins\com.st.stm32cube.common.mx_6.6.1.202207061420\\db\/plugins/mcufinder/images/
2022-09-15 14:49:54,558 [INFO] ApiDb:249 - Set database path to: C:\Users\gamin\.stmcufinder\plugins\mcufinder//mcu/
2022-09-15 14:49:54,563 [INFO] DbMcusAds:124 - Set database path to: C:\Users\gamin\.stmcufinder\plugins\mcufinder//mcu/
2022-09-15 14:49:54,577 [INFO] CrossReferenceDbSqlite:201 - Set database path to: C:\Users\gamin\.stmcufinder\plugins\mcufinder//mcu/cs/
2022-09-15 14:49:54,791 [INFO] RulesReader:61 - Compatibility file has been processed (282 Rules)
2022-09-15 14:49:54,933 [INFO] DbMcusXml:77 - Set database path to: E:\ST\STM32CubeIDE_1.9.0\STM32CubeIDE\plugins\com.st.stm32cube.common.mx_6.6.1.202207061420\\db\/mcu/
2022-09-15 14:49:54,933 [INFO] ApiDb:269 - Set plugin database path to: E:\ST\STM32CubeIDE_1.9.0\STM32CubeIDE\plugins\com.st.stm32cube.common.mx_6.6.1.202207061420\\db\/plugins/boardmanager/
2022-09-15 14:49:54,933 [INFO] ApiDb:256 - Set plugin images path to: E:\ST\STM32CubeIDE_1.9.0\STM32CubeIDE\plugins\com.st.stm32cube.common.mx_6.6.1.202207061420\\db\/plugins/mcufinder/images/
2022-09-15 14:49:54,933 [WARN] DbFile:40 - Overriding database path with different value: C:\Users\gamin\.stmcufinder\plugins\mcufinder/ => C:\Users\gamin\.stmcufinder\plugins\mcufinder
2022-09-15 14:49:54,934 [INFO] ApiDb:249 - Set database path to: C:\Users\gamin\.stmcufinder\plugins\mcufinder//mcu/
2022-09-15 14:49:54,934 [WARN] DbFile:40 - Overriding database path with different value: C:\Users\gamin\.stmcufinder\plugins\mcufinder/ => C:\Users\gamin\.stmcufinder\plugins\mcufinder
2022-09-15 14:49:54,935 [INFO] DbMcusAds:124 - Set database path to: C:\Users\gamin\.stmcufinder\plugins\mcufinder//mcu/
2022-09-15 14:49:54,935 [WARN] DbFile:40 - Overriding database path with different value: C:\Users\gamin\.stmcufinder\plugins\mcufinder/ => C:\Users\gamin\.stmcufinder\plugins\mcufinder
2022-09-15 14:49:54,936 [WARN] DbFile:40 - Overriding database path with different value: C:\Users\gamin\.stmcufinder\plugins\mcufinder/ => C:\Users\gamin\.stmcufinder\plugins\mcufinder
2022-09-15 14:49:54,936 [INFO] CrossReferenceDbSqlite:201 - Set database path to: C:\Users\gamin\.stmcufinder\plugins\mcufinder//mcu/cs/
2022-09-15 14:49:55,072 [INFO] MainPanel:242 - HeapMemory: 409993216
2022-09-15 14:49:55,210 [INFO] DbMcusXml:77 - Set database path to: E:\ST\STM32CubeIDE_1.9.0\STM32CubeIDE\plugins\com.st.stm32cube.common.mx_6.6.1.202207061420\\db\/mcu/
2022-09-15 14:49:55,211 [INFO] ApiDb:269 - Set plugin database path to: E:\ST\STM32CubeIDE_1.9.0\STM32CubeIDE\plugins\com.st.stm32cube.common.mx_6.6.1.202207061420\\db\/plugins/boardmanager/
2022-09-15 14:49:55,211 [INFO] ApiDb:256 - Set plugin images path to: E:\ST\STM32CubeIDE_1.9.0\STM32CubeIDE\plugins\com.st.stm32cube.common.mx_6.6.1.202207061420\\db\/plugins/mcufinder/images/
2022-09-15 14:49:55,211 [WARN] DbFile:40 - Overriding database path with different value: C:\Users\gamin\.stmcufinder\plugins\mcufinder/ => C:\Users\gamin\.stmcufinder\plugins\mcufinder
2022-09-15 14:49:55,211 [INFO] ApiDb:249 - Set database path to: C:\Users\gamin\.stmcufinder\plugins\mcufinder//mcu/
2022-09-15 14:49:55,211 [WARN] DbFile:40 - Overriding database path with different value: C:\Users\gamin\.stmcufinder\plugins\mcufinder/ => C:\Users\gamin\.stmcufinder\plugins\mcufinder
2022-09-15 14:49:55,212 [INFO] DbMcusAds:124 - Set database path to: C:\Users\gamin\.stmcufinder\plugins\mcufinder//mcu/
2022-09-15 14:49:55,212 [WARN] DbFile:40 - Overriding database path with different value: C:\Users\gamin\.stmcufinder\plugins\mcufinder/ => C:\Users\gamin\.stmcufinder\plugins\mcufinder
2022-09-15 14:49:55,212 [WARN] DbFile:40 - Overriding database path with different value: C:\Users\gamin\.stmcufinder\plugins\mcufinder/ => C:\Users\gamin\.stmcufinder\plugins\mcufinder
2022-09-15 14:49:55,212 [INFO] CrossReferenceDbSqlite:201 - Set database path to: C:\Users\gamin\.stmcufinder\plugins\mcufinder//mcu/cs/
2022-09-15 14:49:55,236 [INFO] ApplicationProperties:181 - Using Application install path: E:\ST\STM32CubeIDE_1.9.0\STM32CubeIDE\plugins\com.st.stm32cube.common.mx_6.6.1.202207061420
2022-09-15 14:49:55,238 [INFO] PluginManage:193 - Search for loadable plugins [exclusion list=, ]
2022-09-15 14:49:55,240 [INFO] PluginManage:307 - Check plugin analytics
2022-09-15 14:50:04,623 [INFO] AnalyticsPlugin:262 - Accepted Software Licenses: 
2022-09-15 14:50:04,624 [INFO] AnalyticsPlugin:264 - Accepted CMSIS Pack Licenses: 
2022-09-15 14:50:04,624 [INFO] AnalyticsPlugin:266 - Accepted Firmware Licenses: 
2022-09-15 14:50:04,635 [INFO] PluginManage:356 - Loaded plugin analytics (category:tool,tabindex:-1)
2022-09-15 14:50:04,636 [INFO] PluginManage:307 - Check plugin cadmodel
2022-09-15 14:50:04,662 [INFO] CADModel:65 - Init CAD model plugin
2022-09-15 14:50:04,663 [INFO] PluginManage:356 - Loaded plugin cadmodel (category:power,tabindex:5)
2022-09-15 14:50:04,663 [INFO] PluginManage:307 - Check plugin clock
2022-09-15 14:50:04,705 [INFO] PluginManage:356 - Loaded plugin clock (category:base,tabindex:2)
2022-09-15 14:50:04,705 [INFO] PluginManage:307 - Check plugin ddr
2022-09-15 14:50:04,710 [INFO] PluginManage:356 - Loaded plugin ddr (category:tool,tabindex:6)
2022-09-15 14:50:04,710 [INFO] PluginManage:307 - Check plugin filemanager
2022-09-15 14:50:04,997 [INFO] PluginManage:356 - Loaded plugin filemanager (category:base,tabindex:10)
2022-09-15 14:50:04,997 [INFO] PluginManage:307 - Check plugin ipmanager
2022-09-15 14:50:05,007 [INFO] PluginManage:356 - Loaded plugin ipmanager (category:base,tabindex:5)
2022-09-15 14:50:05,007 [INFO] PluginManage:307 - Check plugin lpbam
2022-09-15 14:50:05,028 [INFO] PluginManage:356 - Loaded plugin lpbam (category:base,tabindex:0)
2022-09-15 14:50:05,028 [INFO] PluginManage:307 - Check plugin pinoutandconfiguration
2022-09-15 14:50:05,044 [INFO] PluginManage:356 - Loaded plugin pinoutandconfiguration (category:base,tabindex:1)
2022-09-15 14:50:05,045 [INFO] PluginManage:307 - Check plugin pinoutconfig
2022-09-15 14:50:05,075 [INFO] PluginManage:356 - Loaded plugin pinoutconfig (category:base,tabindex:0)
2022-09-15 14:50:05,075 [INFO] PluginManage:307 - Check plugin power
2022-09-15 14:50:05,122 [INFO] PluginManage:356 - Loaded plugin power (category:power,tabindex:4)
2022-09-15 14:50:05,123 [INFO] PluginManage:307 - Check plugin projectmanager
2022-09-15 14:50:05,152 [INFO] PluginManage:356 - Loaded plugin projectmanager (category:projectmanager,tabindex:3)
2022-09-15 14:50:05,153 [INFO] PluginManage:307 - Check plugin thirdparty
2022-09-15 14:50:05,392 [INFO] PluginManage:356 - Loaded plugin thirdparty (category:base,tabindex:-1)
2022-09-15 14:50:05,392 [INFO] PluginManage:307 - Check plugin tools
2022-09-15 14:50:05,392 [WARN] IntegrityCheckThread:82 - waiting for thirdparty lock release [integrity check]
2022-09-15 14:50:05,395 [INFO] IntegrityCheckThread:84 - entering critical section [integrity check]
2022-09-15 14:50:05,396 [INFO] ThirdPartyUpdaterWithRetryManager:70 - Updater plugin not ready yet. [1/15]
2022-09-15 14:50:05,396 [INFO] PluginManage:356 - Loaded plugin tools (category:base,tabindex:7)
2022-09-15 14:50:05,396 [INFO] PluginManage:307 - Check plugin tutovideos
2022-09-15 14:50:05,844 [INFO] PluginManage:356 - Loaded plugin tutovideos (category:base,tabindex:-1)
2022-09-15 14:50:05,845 [INFO] PluginManage:307 - Check plugin updater
2022-09-15 14:50:05,876 [INFO] PluginManage:356 - Loaded plugin updater (category:base,tabindex:12)
2022-09-15 14:50:05,877 [INFO] PluginManage:280 - PluginManage : Loaded plugins [15]
2022-09-15 14:50:06,287 [INFO] PinOutPanel:1468 - setPackage(No Configuration,No Configuration)
2022-09-15 14:50:06,374 [INFO] CADModel:98 - CPN selected for project level
2022-09-15 14:50:06,430 [INFO] IPUIPlugin:79 - create IPUIPlugin
2022-09-15 14:50:06,431 [INFO] PluginManager:217 - loadIPPluginJar : add adc
2022-09-15 14:50:06,434 [INFO] IPUIPlugin:79 - create IPUIPlugin
2022-09-15 14:50:06,434 [INFO] PluginManager:217 - loadIPPluginJar : add aes
2022-09-15 14:50:06,436 [INFO] IPUIPlugin:79 - create IPUIPlugin
2022-09-15 14:50:06,437 [INFO] PluginManager:217 - loadIPPluginJar : add can
2022-09-15 14:50:06,470 [INFO] IPUIPlugin:79 - create IPUIPlugin
2022-09-15 14:50:06,470 [INFO] PluginManager:217 - loadIPPluginJar : add comp
2022-09-15 14:50:06,479 [INFO] IPUIPlugin:79 - create IPUIPlugin
2022-09-15 14:50:06,480 [INFO] PluginManager:217 - loadIPPluginJar : add cryp
2022-09-15 14:50:06,510 [INFO] IPUIPlugin:79 - create IPUIPlugin
2022-09-15 14:50:06,510 [INFO] PluginManager:217 - loadIPPluginJar : add dfsdm
2022-09-15 14:50:06,529 [INFO] IPUIPlugin:79 - create IPUIPlugin
2022-09-15 14:50:06,530 [INFO] PluginManager:217 - loadIPPluginJar : add dma
2022-09-15 14:50:06,573 [INFO] IPUIPlugin:79 - create IPUIPlugin
2022-09-15 14:50:06,573 [INFO] PluginManager:217 - loadIPPluginJar : add dma3
2022-09-15 14:50:06,574 [INFO] IPUIPlugin:79 - create IPUIPlugin
2022-09-15 14:50:06,575 [INFO] PluginManager:217 - loadIPPluginJar : add fatfs
2022-09-15 14:50:06,580 [INFO] IPUIPlugin:79 - create IPUIPlugin
2022-09-15 14:50:06,580 [INFO] PluginManager:217 - loadIPPluginJar : add fmc
2022-09-15 14:50:06,588 [INFO] IPUIPlugin:79 - create IPUIPlugin
2022-09-15 14:50:06,589 [INFO] PluginManager:217 - loadIPPluginJar : add freertos
2022-09-15 14:50:06,603 [INFO] IPUIPlugin:79 - create IPUIPlugin
2022-09-15 14:50:06,603 [INFO] PluginManager:217 - loadIPPluginJar : add genericplugin
2022-09-15 14:50:06,607 [INFO] IPUIPlugin:79 - create IPUIPlugin
2022-09-15 14:50:06,607 [INFO] PluginManager:217 - loadIPPluginJar : add gfxmmu
2022-09-15 14:50:06,615 [INFO] IPUIPlugin:79 - create IPUIPlugin
2022-09-15 14:50:06,616 [INFO] PluginManager:217 - loadIPPluginJar : add gic
2022-09-15 14:50:06,620 [INFO] IPUIPlugin:79 - create IPUIPlugin
2022-09-15 14:50:06,621 [INFO] PluginManager:217 - loadIPPluginJar : add gpio
2022-09-15 14:50:06,649 [INFO] IPUIPlugin:79 - create IPUIPlugin
2022-09-15 14:50:06,650 [INFO] PluginManager:217 - loadIPPluginJar : add gtzc
2022-09-15 14:50:06,653 [INFO] IPUIPlugin:79 - create IPUIPlugin
2022-09-15 14:50:06,654 [INFO] PluginManager:217 - loadIPPluginJar : add hash
2022-09-15 14:50:06,658 [INFO] IPUIPlugin:79 - create IPUIPlugin
2022-09-15 14:50:06,658 [INFO] PluginManager:217 - loadIPPluginJar : add i2c
2022-09-15 14:50:06,662 [INFO] IPUIPlugin:79 - create IPUIPlugin
2022-09-15 14:50:06,662 [INFO] PluginManager:217 - loadIPPluginJar : add i2s
2022-09-15 14:50:06,683 [INFO] IPUIPlugin:79 - create IPUIPlugin
2022-09-15 14:50:06,683 [INFO] PluginManager:217 - loadIPPluginJar : add ipddr
2022-09-15 14:50:06,692 [INFO] IPUIPlugin:79 - create IPUIPlugin
2022-09-15 14:50:06,692 [INFO] PluginManager:217 - loadIPPluginJar : add linkedlist
2022-09-15 14:50:06,697 [INFO] IPUIPlugin:79 - create IPUIPlugin
2022-09-15 14:50:06,697 [INFO] PluginManager:217 - loadIPPluginJar : add lorawan
2022-09-15 14:50:06,701 [INFO] IPUIPlugin:79 - create IPUIPlugin
2022-09-15 14:50:06,701 [INFO] PluginManager:217 - loadIPPluginJar : add ltdc
2022-09-15 14:50:06,729 [INFO] IPUIPlugin:79 - create IPUIPlugin
2022-09-15 14:50:06,729 [INFO] PluginManager:217 - loadIPPluginJar : add mdma
2022-09-15 14:50:06,735 [INFO] IPUIPlugin:79 - create IPUIPlugin
2022-09-15 14:50:06,736 [INFO] PluginManager:217 - loadIPPluginJar : add nvic
2022-09-15 14:50:06,740 [INFO] IPUIPlugin:79 - create IPUIPlugin
2022-09-15 14:50:06,741 [INFO] PluginManager:217 - loadIPPluginJar : add opamp
2022-09-15 14:50:06,745 [INFO] IPUIPlugin:79 - create IPUIPlugin
2022-09-15 14:50:06,745 [INFO] PluginManager:217 - loadIPPluginJar : add openamp
2022-09-15 14:50:06,770 [INFO] IPUIPlugin:79 - create IPUIPlugin
2022-09-15 14:50:06,770 [INFO] PluginManager:217 - loadIPPluginJar : add pdm2pcm
2022-09-15 14:50:06,778 [INFO] IPUIPlugin:79 - create IPUIPlugin
2022-09-15 14:50:06,781 [INFO] PluginManager:217 - loadIPPluginJar : add plateformsettings
2022-09-15 14:50:06,840 [INFO] IPUIPlugin:79 - create IPUIPlugin
2022-09-15 14:50:06,840 [INFO] PluginManager:217 - loadIPPluginJar : add quadspi
2022-09-15 14:50:06,848 [INFO] IPUIPlugin:79 - create IPUIPlugin
2022-09-15 14:50:06,849 [INFO] PluginManager:217 - loadIPPluginJar : add resmgrutility
2022-09-15 14:50:06,895 [INFO] IPUIPlugin:79 - create IPUIPlugin
2022-09-15 14:50:06,895 [INFO] PluginManager:217 - loadIPPluginJar : add sai
2022-09-15 14:50:06,911 [INFO] IPUIPlugin:79 - create IPUIPlugin
2022-09-15 14:50:06,911 [INFO] PluginManager:217 - loadIPPluginJar : add spi
2022-09-15 14:50:06,922 [INFO] IPUIPlugin:79 - create IPUIPlugin
2022-09-15 14:50:06,923 [INFO] PluginManager:217 - loadIPPluginJar : add stm32_wpan
2022-09-15 14:50:06,934 [INFO] IPUIPlugin:79 - create IPUIPlugin
2022-09-15 14:50:06,935 [INFO] PluginManager:217 - loadIPPluginJar : add tim
2022-09-15 14:50:06,973 [INFO] IPUIPlugin:79 - create IPUIPlugin
2022-09-15 14:50:06,973 [INFO] PluginManager:217 - loadIPPluginJar : add touchsensing
2022-09-15 14:50:06,977 [INFO] IPUIPlugin:79 - create IPUIPlugin
2022-09-15 14:50:06,977 [INFO] PluginManager:217 - loadIPPluginJar : add tracer_emb
2022-09-15 14:50:06,980 [INFO] IPUIPlugin:79 - create IPUIPlugin
2022-09-15 14:50:06,980 [INFO] PluginManager:217 - loadIPPluginJar : add ts
2022-09-15 14:50:06,984 [INFO] IPUIPlugin:79 - create IPUIPlugin
2022-09-15 14:50:06,984 [INFO] PluginManager:217 - loadIPPluginJar : add tsc
2022-09-15 14:50:06,987 [INFO] IPUIPlugin:79 - create IPUIPlugin
2022-09-15 14:50:06,987 [INFO] PluginManager:217 - loadIPPluginJar : add ucpd
2022-09-15 14:50:06,992 [INFO] IPUIPlugin:79 - create IPUIPlugin
2022-09-15 14:50:06,992 [INFO] PluginManager:217 - loadIPPluginJar : add usart
2022-09-15 14:50:06,996 [INFO] IPUIPlugin:79 - create IPUIPlugin
2022-09-15 14:50:06,996 [INFO] PluginManager:217 - loadIPPluginJar : add usbx
2022-09-15 14:50:07,411 [FATAL] Updater:301 - Updater called before beeing initialized
2022-09-15 14:50:07,555 [FATAL] Updater:301 - Updater called before beeing initialized
2022-09-15 14:50:07,570 [INFO] DbMcusAds:52 - JSON generation date=Thu Sep 30 08:55:09 CAT 2021 (1632984909247)
2022-09-15 14:50:07,570 [FATAL] Updater:301 - Updater called before beeing initialized
2022-09-15 14:50:07,651 [WARN] DetailPanel:344 - Failed to get advertising image, set to default
2022-09-15 14:50:07,776 [FATAL] Updater:301 - Updater called before beeing initialized
2022-09-15 14:50:07,790 [FATAL] Updater:301 - Updater called before beeing initialized
2022-09-15 14:50:07,791 [FATAL] Updater:301 - Updater called before beeing initialized
2022-09-15 14:50:07,791 [WARN] DetailPanel:344 - Failed to get advertising image, set to default
2022-09-15 14:50:07,794 [FATAL] Updater:301 - Updater called before beeing initialized
2022-09-15 14:50:07,859 [ERROR] Updater:1105 - MainUpdater not yet initialized. External WinMGr cannot be set.
2022-09-15 14:50:07,866 [INFO] Updater:1041 - Updater Version found : 6.6.1
2022-09-15 14:50:07,893 [INFO] ApplicationProperties:181 - Using Application install path: E:\ST\STM32CubeIDE_1.9.0\STM32CubeIDE\plugins\com.st.stm32cube.common.mx_6.6.1.202207061420
2022-09-15 14:50:07,980 [INFO] MainUpdater:2768 - connection check result : 10
2022-09-15 14:50:07,980 [INFO] MainUpdater:3453 - Updater definition file requires update
2022-09-15 14:50:07,981 [INFO] MainUpdater:280 - Updater Check For Update Now.
2022-09-15 14:50:07,981 [INFO] MicroXplorer:481 - Change Database Version : DB.6.0.60
2022-09-15 14:50:07,996 [INFO] ServerAccessManage:474 - Download File updaters.zip
2022-09-15 14:50:08,039 [INFO] FileExtend:239 - Unzip File : updaters.zip
2022-09-15 14:50:08,039 [INFO] FileExtend:254 - Standard Zip Deflate
2022-09-15 14:50:08,305 [INFO] ServerAccessManage:474 - Download File PacksControlFlags.xml
2022-09-15 14:50:08,326 [INFO] ServerAccessManage:474 - Download File cubemx.pidx
2022-09-15 14:50:08,403 [WARN] MainUpdater:1184 - Updater busy. Cannot search thirdparties
2022-09-15 14:50:08,404 [INFO] ThirdPartyUpdaterWithRetryManager:96 - Updater plugin is busy. [1/15]
2022-09-15 14:50:09,318 [INFO] LoadServerUpdatesThread:367 - End of LoadServerUpdate Thread
2022-09-15 14:50:09,469 [INFO] CheckServerUpdateThread:119 - End of CheckServer Thread
2022-09-15 14:50:09,482 [INFO] MainUpdater:2768 - connection check result : 10
2022-09-15 14:50:09,502 [INFO] MainUpdater:2768 - connection check result : 10
2022-09-15 14:50:09,919 [INFO] MicroXplorer:451 - Change Database Path : 
2022-09-15 14:50:09,919 [INFO] MicroXplorer:481 - Change Database Version : DB.6.0.60
2022-09-15 14:50:09,919 [WARN] ThirdParty:827 - waiting for thirdparty lock release [close project]
2022-09-15 14:50:11,604 [WARN] PackLoader:242 - Cannot read IP mode file for STMicroelectronics.X-CUBE-GNSS1.6.0.0
2022-09-15 14:50:11,627 [WARN] PackLoader:242 - Cannot read IP mode file for STMicroelectronics.X-CUBE-AZRTOS-F4.1.1.0
2022-09-15 14:50:11,681 [WARN] PackLoader:242 - Cannot read IP mode file for STMicroelectronics.X-CUBE-MEMS1.9.2.0
2022-09-15 14:50:11,817 [WARN] PackLoader:242 - Cannot read IP mode file for STMicroelectronics.X-CUBE-AZRTOS-F7.1.1.0
2022-09-15 14:50:11,825 [WARN] PackLoader:242 - Cannot read IP mode file for STMicroelectronics.X-CUBE-AI.7.1.0
2022-09-15 14:50:11,829 [WARN] PackLoader:242 - Cannot read IP mode file for STMicroelectronics.X-CUBE-TOUCHGFX.4.19.1
2022-09-15 14:50:11,834 [WARN] PackLoader:242 - Cannot read IP mode file for STMicroelectronics.X-CUBE-BLE1.6.2.3
2022-09-15 14:50:11,840 [WARN] PackLoader:242 - Cannot read IP mode file for STMicroelectronics.X-CUBE-NFC4.2.0.4
2022-09-15 14:50:11,844 [WARN] PackLoader:242 - Cannot read IP mode file for STMicroelectronics.X-CUBE-BLE2.3.2.2
2022-09-15 14:50:11,855 [WARN] PackLoader:242 - Cannot read IP mode file for STMicroelectronics.X-CUBE-TOF1.3.1.0
2022-09-15 14:50:11,869 [WARN] PackLoader:242 - Cannot read IP mode file for STMicroelectronics.X-CUBE-SFXS2LP1.3.1.0
2022-09-15 14:50:11,889 [WARN] PackLoader:242 - Cannot read IP mode file for STMicroelectronics.X-CUBE-AZRTOS-F4.1.0.0
2022-09-15 14:50:11,898 [WARN] PackLoader:242 - Cannot read IP mode file for STMicroelectronics.X-CUBE-NFC7.1.0.0
2022-09-15 14:50:11,941 [WARN] PackLoader:242 - Cannot read IP mode file for STMicroelectronics.X-CUBE-MEMS1.9.3.0
2022-09-15 14:50:12,021 [WARN] PackLoader:242 - Cannot read IP mode file for STMicroelectronics.X-CUBE-AI.7.2.0
2022-09-15 14:50:12,035 [WARN] PackLoader:242 - Cannot read IP mode file for STMicroelectronics.X-CUBE-AZRTOS-G0.1.0.0
2022-09-15 14:50:12,041 [WARN] PackLoader:242 - Cannot read IP mode file for STMicroelectronics.X-CUBE-SFXS2LP1.4.0.0
2022-09-15 14:50:12,045 [WARN] PackLoader:242 - Cannot read IP mode file for STMicroelectronics.X-CUBE-BLE2.3.3.0
2022-09-15 14:50:12,053 [WARN] PackLoader:242 - Cannot read IP mode file for STMicroelectronics.X-CUBE-DISPLAY.2.2.0
2022-09-15 14:50:12,058 [WARN] PackLoader:242 - Cannot read IP mode file for STMicroelectronics.X-CUBE-ISPU.1.0.0
2022-09-15 14:50:12,064 [WARN] PackLoader:242 - Cannot read IP mode file for RoweBots.I-CUBE-UNISONRTOS.5.5.0-4
2022-09-15 14:50:12,078 [WARN] PackLoader:242 - Cannot read IP mode file for STMicroelectronics.X-CUBE-AZRTOS-H7.2.1.0
2022-09-15 14:50:12,086 [WARN] PackLoader:242 - Cannot read IP mode file for STMicroelectronics.X-CUBE-BLEMGR.1.0.0
2022-09-15 14:50:12,091 [WARN] PackLoader:242 - Cannot read IP mode file for STMicroelectronics.X-CUBE-ALGOBUILD.1.3.0
2022-09-15 14:50:12,104 [WARN] PackLoader:242 - Cannot read IP mode file for STMicroelectronics.X-CUBE-AZRTOS-G0.1.1.0
2022-09-15 14:50:12,114 [WARN] PackLoader:242 - Cannot read IP mode file for STMicroelectronics.X-CUBE-SUBG2.5.0.0
2022-09-15 14:50:12,145 [WARN] PackLoader:242 - Cannot read IP mode file for SEGGER.I-CUBE-embOS.1.2.0
2022-09-15 14:50:12,179 [WARN] PackLoader:242 - Cannot read IP mode file for STMicroelectronics.FP-ATR-ASTRA1.1.1.1
2022-09-15 14:50:12,189 [WARN] PackLoader:242 - Cannot read IP mode file for STMicroelectronics.X-CUBE-AZRTOS-G4.1.0.0
2022-09-15 14:50:12,194 [WARN] PackLoader:242 - Cannot read IP mode file for wolfSSL.I-CUBE-wolfSSL.5.3.0
2022-09-15 14:50:12,206 [WARN] PackLoader:242 - Cannot read IP mode file for STMicroelectronics.X-CUBE-AZRTOS-L4.1.0.0
2022-09-15 14:50:12,213 [WARN] PackLoader:242 - Cannot read IP mode file for emotas.I-CUBE-CANOPEN.1.1.2
2022-09-15 14:50:12,215 [WARN] PackLoader:242 - Cannot read IP mode file for STMicroelectronics.X-CUBE-TOUCHGFX.4.20.0
2022-09-15 14:50:12,227 [WARN] PackLoader:242 - Cannot read IP mode file for STMicroelectronics.X-CUBE-AZRTOS-F7.1.0.0
2022-09-15 14:50:12,237 [WARN] PackLoader:242 - Cannot read IP mode file for STMicroelectronics.X-CUBE-AZRTOS-WL.1.0.0
2022-09-15 14:50:12,242 [WARN] PackLoader:242 - Cannot read IP mode file for portGmbH.I-Cube-SoM-uGOAL.1.1.0
2022-09-15 14:50:12,245 [WARN] PackLoader:242 - Cannot read IP mode file for STMicroelectronics.X-CUBE-ALS.1.0.1
2022-09-15 14:50:12,256 [WARN] PackLoader:242 - Cannot read IP mode file for STMicroelectronics.X-CUBE-AZRTOS-L5.1.0.0
2022-09-15 14:50:12,262 [WARN] PackLoader:242 - Cannot read IP mode file for STMicroelectronics.X-CUBE-EEPRMA1.3.1.1
2022-09-15 14:50:12,266 [WARN] PackLoader:242 - Cannot read IP mode file for STMicroelectronics.X-CUBE-GNSS1.5.2.0
2022-09-15 14:50:12,271 [WARN] PackLoader:242 - Cannot read IP mode file for STMicroelectronics.X-CUBE-TOF1.3.0.0
2022-09-15 14:50:12,273 [INFO] ThirdParty:929 - Integrity check success = true
2022-09-15 14:50:12,274 [INFO] IntegrityCheckThread:98 - exiting critical section [integrity check]
2022-09-15 14:50:12,274 [INFO] IntegrityCheckThread:101 - End integrity checks thread
2022-09-15 14:50:12,274 [INFO] ThirdParty:829 - entering critical section [close project]
2022-09-15 14:50:12,275 [INFO] ThirdParty:839 - exiting critical section [close project]
2022-09-15 14:50:12,279 [INFO] PinOutPanel:1468 - setPackage(No Configuration,No Configuration)
2022-09-15 14:50:12,283 [INFO] UtilMem:74 - Begin LoadConfig() Used Memory: 204115120 Bytes (631242752)
2022-09-15 14:50:12,287 [INFO] MicroXplorer:451 - Change Database Path : C:/Users/gamin/.stm32cubemx/databases/DB.6.0.50/db/
2022-09-15 14:50:12,287 [INFO] MicroXplorer:481 - Change Database Version : DB.6.0.50
2022-09-15 14:50:14,327 [INFO] OpenFileManager:307 - Change cursor
2022-09-15 14:50:14,366 [INFO] Mcu:1922 - Initializing MCU STM32F051R8Tx STM32F051R8Tx STM32F051R8T6
2022-09-15 14:50:15,429 [INFO] Context:654 - Trying to add GPIOservice into a context  which must be forbidden
2022-09-15 14:50:15,875 [WARN] ApiManager:308 - Cannot register API 'Board Extension:GNSS1A1' from pack STMicroelectronics.X-CUBE-GNSS1.6.0.0: no header file found
2022-09-15 14:50:15,876 [WARN] ApiManager:308 - Cannot register API 'Board Support:Custom' from pack STMicroelectronics.X-CUBE-GNSS1.6.0.0: no header file found
2022-09-15 14:50:15,876 [WARN] ApiManager:308 - Cannot register API 'Data Exchange:lib_gnss' from pack STMicroelectronics.X-CUBE-GNSS1.6.0.0: no header file found
2022-09-15 14:50:16,007 [WARN] ApiManager:308 - Cannot register API 'Board Extension:IKS01A3' from pack STMicroelectronics.X-CUBE-MEMS1.9.2.0: no header file found
2022-09-15 14:50:16,007 [WARN] ApiManager:308 - Cannot register API 'Board Extension:IKS01A2' from pack STMicroelectronics.X-CUBE-MEMS1.9.2.0: no header file found
2022-09-15 14:50:16,007 [WARN] ApiManager:308 - Cannot register API 'Board Extension:IKS02A1' from pack STMicroelectronics.X-CUBE-MEMS1.9.2.0: no header file found
2022-09-15 14:50:16,015 [WARN] ApiManager:308 - Cannot register API 'Wireless:BlueNRG-MS' from pack STMicroelectronics.X-CUBE-BLE1.6.2.3: no header file found
2022-09-15 14:50:16,021 [INFO] RtosManager:488 - Registered RTOS mode: class=CMSIS, group=RTOS, mode=CMSIS_V1, owner=FREERTOS
2022-09-15 14:50:16,021 [INFO] RtosManager:488 - Registered RTOS mode: class=CMSIS, group=RTOS2, mode=CMSIS_V2, owner=FREERTOS
2022-09-15 14:50:16,022 [INFO] RtosManager:488 - Registered RTOS mode: class=RTOS, group=Core, mode=CMSIS_V1, owner=FREERTOS
2022-09-15 14:50:16,022 [INFO] RtosManager:488 - Registered RTOS mode: class=RTOS, group=Core, mode=CMSIS_V2, owner=FREERTOS
2022-09-15 14:50:16,022 [WARN] ModelIntegratedComponent:185 - Missing modes for component STMicroelectronics:FreeRTOS:0.0.1:STMicroelectronics:RTOS:FreeRTOS:Core:::10.2.0:
2022-09-15 14:50:16,025 [WARN] ApiManager:308 - Cannot register API 'Board Extension:S2868A1' from pack STMicroelectronics.X-CUBE-SUBG2.5.0.0: no header file found
2022-09-15 14:50:16,026 [WARN] ApiManager:308 - Cannot register API 'Board Extension:S2868A2' from pack STMicroelectronics.X-CUBE-SUBG2.5.0.0: no header file found
2022-09-15 14:50:16,026 [WARN] ApiManager:308 - Cannot register API 'Board Extension:S2915A1' from pack STMicroelectronics.X-CUBE-SUBG2.5.0.0: no header file found
2022-09-15 14:50:16,029 [WARN] ApiManager:308 - Cannot register API 'Board Extension:NFC04A1' from pack STMicroelectronics.X-CUBE-NFC4.2.0.4: no header file found
2022-09-15 14:50:16,030 [WARN] ApiManager:308 - Cannot register API 'Wireless:BlueNRG-2' from pack STMicroelectronics.X-CUBE-BLE2.3.2.2: no header file found
2022-09-15 14:50:16,033 [WARN] ApiManager:308 - Cannot register API 'Board Extension:S2868A1' from pack STMicroelectronics.X-CUBE-SFXS2LP1.3.1.0: no header file found
2022-09-15 14:50:16,034 [WARN] ApiManager:308 - Cannot register API 'Board Extension:S2868A2' from pack STMicroelectronics.X-CUBE-SFXS2LP1.3.1.0: no header file found
2022-09-15 14:50:16,034 [WARN] ApiManager:308 - Cannot register API 'Board Extension:S2915A1' from pack STMicroelectronics.X-CUBE-SFXS2LP1.3.1.0: no header file found
2022-09-15 14:50:16,038 [WARN] ModelIntegratedComponent:64 - No mode defined for component null
2022-09-15 14:50:16,038 [WARN] ModelIntegratedComponent:64 - No mode defined for component null
2022-09-15 14:50:16,038 [WARN] ModelIntegratedComponent:64 - No mode defined for component null
2022-09-15 14:50:16,038 [WARN] ModelIntegratedComponent:64 - No mode defined for component null
2022-09-15 14:50:16,038 [WARN] ModelIntegratedComponent:64 - No mode defined for component null
2022-09-15 14:50:16,038 [WARN] ModelIntegratedComponent:64 - No mode defined for component null
2022-09-15 14:50:16,038 [WARN] ModelIntegratedComponent:64 - No mode defined for component null
2022-09-15 14:50:16,038 [WARN] ModelIntegratedComponent:64 - No mode defined for component null
2022-09-15 14:50:16,038 [WARN] ModelIntegratedComponent:64 - No mode defined for component null
2022-09-15 14:50:16,038 [WARN] ModelIntegratedComponent:64 - No mode defined for component null
2022-09-15 14:50:16,038 [WARN] ModelIntegratedComponent:64 - No mode defined for component null
2022-09-15 14:50:16,038 [WARN] ModelIntegratedComponent:64 - No mode defined for component null
2022-09-15 14:50:16,039 [WARN] ModelIntegratedComponent:64 - No mode defined for component null
2022-09-15 14:50:16,039 [WARN] ModelIntegratedComponent:64 - No mode defined for component null
2022-09-15 14:50:16,039 [WARN] ModelIntegratedComponent:64 - No mode defined for component null
2022-09-15 14:50:16,039 [WARN] ModelIntegratedComponent:64 - No mode defined for component null
2022-09-15 14:50:16,039 [WARN] ModelIntegratedComponent:64 - No mode defined for component null
2022-09-15 14:50:16,039 [WARN] ModelIntegratedComponent:64 - No mode defined for component null
2022-09-15 14:50:16,039 [WARN] ModelIntegratedComponent:64 - No mode defined for component null
2022-09-15 14:50:16,039 [WARN] ModelIntegratedComponent:64 - No mode defined for component null
2022-09-15 14:50:16,039 [WARN] ModelIntegratedComponent:64 - No mode defined for component null
2022-09-15 14:50:16,040 [WARN] ModelIntegratedComponent:64 - No mode defined for component null
2022-09-15 14:50:16,040 [WARN] ModelIntegratedComponent:64 - No mode defined for component null
2022-09-15 14:50:16,040 [WARN] ModelIntegratedComponent:64 - No mode defined for component null
2022-09-15 14:50:16,040 [WARN] ModelIntegratedComponent:64 - No mode defined for component null
2022-09-15 14:50:16,040 [WARN] ModelIntegratedComponent:64 - No mode defined for component null
2022-09-15 14:50:16,040 [WARN] ModelIntegratedComponent:64 - No mode defined for component null
2022-09-15 14:50:16,040 [WARN] ModelIntegratedComponent:64 - No mode defined for component null
2022-09-15 14:50:16,040 [WARN] ModelIntegratedComponent:64 - No mode defined for component null
2022-09-15 14:50:16,040 [WARN] ModelIntegratedComponent:64 - No mode defined for component null
2022-09-15 14:50:16,040 [WARN] ModelIntegratedComponent:64 - No mode defined for component null
2022-09-15 14:50:16,040 [WARN] ModelIntegratedComponent:64 - No mode defined for component null
2022-09-15 14:50:16,040 [WARN] ModelIntegratedComponent:64 - No mode defined for component null
2022-09-15 14:50:16,042 [WARN] ApiManager:308 - Cannot register API 'Board Extension:NFC07A1' from pack STMicroelectronics.X-CUBE-NFC7.1.0.0: no header file found
2022-09-15 14:50:16,095 [WARN] ApiManager:308 - Cannot register API 'Board Extension:IKS01A3' from pack STMicroelectronics.X-CUBE-MEMS1.9.3.0: no header file found
2022-09-15 14:50:16,095 [WARN] ApiManager:308 - Cannot register API 'Board Extension:IKS01A2' from pack STMicroelectronics.X-CUBE-MEMS1.9.3.0: no header file found
2022-09-15 14:50:16,095 [WARN] ApiManager:308 - Cannot register API 'Board Extension:IKS02A1' from pack STMicroelectronics.X-CUBE-MEMS1.9.3.0: no header file found
2022-09-15 14:50:16,100 [WARN] ApiManager:308 - Cannot register API 'Board Extension:EEPRMA1' from pack STMicroelectronics.X-CUBE-EEPRMA1.3.1.1: no header file found
2022-09-15 14:50:16,100 [WARN] ApiManager:308 - Cannot register API 'Board Extension:EEPRMA2' from pack STMicroelectronics.X-CUBE-EEPRMA1.3.1.1: no header file found
2022-09-15 14:50:16,101 [WARN] ApiManager:308 - Cannot register API 'Board Extension:GNSS1A1' from pack STMicroelectronics.X-CUBE-GNSS1.5.2.0: no header file found
2022-09-15 14:50:16,101 [WARN] ApiManager:308 - Cannot register API 'Board Support:Custom' from pack STMicroelectronics.X-CUBE-GNSS1.5.2.0: no header file found
2022-09-15 14:50:16,101 [WARN] ApiManager:308 - Cannot register API 'Data Exchange:lib_gnss' from pack STMicroelectronics.X-CUBE-GNSS1.5.2.0: no header file found
2022-09-15 14:50:16,102 [WARN] ApiManager:308 - Cannot register API 'Board Extension:S2868A1' from pack STMicroelectronics.X-CUBE-SFXS2LP1.4.0.0: no header file found
2022-09-15 14:50:16,102 [WARN] ApiManager:308 - Cannot register API 'Board Extension:S2868A2' from pack STMicroelectronics.X-CUBE-SFXS2LP1.4.0.0: no header file found
2022-09-15 14:50:16,102 [WARN] ApiManager:308 - Cannot register API 'Board Extension:S2915A1' from pack STMicroelectronics.X-CUBE-SFXS2LP1.4.0.0: no header file found
2022-09-15 14:50:16,102 [WARN] ApiManager:308 - Cannot register API 'Wireless:BlueNRG-2' from pack STMicroelectronics.X-CUBE-BLE2.3.3.0: no header file found
2022-09-15 14:50:16,114 [INFO] ThirdPartyModel:289 - Start build external matchings
2022-09-15 14:50:16,463 [INFO] ThirdPartyModel:302 - End build external matchings
2022-09-15 14:50:16,497 [INFO] ImportTextPane:193 - (OptionalMessage_ERROR) IP (DMA) : Parameter (Instance) has Id (USART2_TX) currently not set
2022-09-15 14:50:16,497 [INFO] ImportTextPane:193 - (OptionalMessage_ERROR) IP (DMA) : Parameter (Direction) has Id (USART2_TX) currently not set
2022-09-15 14:50:16,497 [INFO] ImportTextPane:193 - (OptionalMessage_ERROR) IP (DMA) : Parameter (PeriphInc) has Id (USART2_TX) currently not set
2022-09-15 14:50:16,497 [INFO] ImportTextPane:193 - (OptionalMessage_ERROR) IP (DMA) : Parameter (MemInc) has Id (USART2_TX) currently not set
2022-09-15 14:50:16,497 [INFO] ImportTextPane:193 - (OptionalMessage_ERROR) IP (DMA) : Parameter (PeriphDataAlignment) has Id (USART2_TX) currently not set
2022-09-15 14:50:16,498 [INFO] ImportTextPane:193 - (OptionalMessage_ERROR) IP (DMA) : Parameter (MemDataAlignment) has Id (USART2_TX) currently not set
2022-09-15 14:50:16,498 [INFO] ImportTextPane:193 - (OptionalMessage_ERROR) IP (DMA) : Parameter (Mode) has Id (USART2_TX) currently not set
2022-09-15 14:50:16,498 [INFO] ImportTextPane:193 - (OptionalMessage_ERROR) IP (DMA) : Parameter (Priority) has Id (USART2_TX) currently not set
2022-09-15 14:50:16,498 [INFO] ImportTextPane:193 - (OptionalMessage_ERROR) IP (DMA) : Parameter (Instance) has Id (ADC) currently not set
2022-09-15 14:50:16,498 [INFO] ImportTextPane:193 - (OptionalMessage_ERROR) IP (DMA) : Parameter (Direction) has Id (ADC) currently not set
2022-09-15 14:50:16,498 [INFO] ImportTextPane:193 - (OptionalMessage_ERROR) IP (DMA) : Parameter (PeriphInc) has Id (ADC) currently not set
2022-09-15 14:50:16,498 [INFO] ImportTextPane:193 - (OptionalMessage_ERROR) IP (DMA) : Parameter (MemInc) has Id (ADC) currently not set
2022-09-15 14:50:16,498 [INFO] ImportTextPane:193 - (OptionalMessage_ERROR) IP (DMA) : Parameter (PeriphDataAlignment) has Id (ADC) currently not set
2022-09-15 14:50:16,498 [INFO] ImportTextPane:193 - (OptionalMessage_ERROR) IP (DMA) : Parameter (MemDataAlignment) has Id (ADC) currently not set
2022-09-15 14:50:16,498 [INFO] ImportTextPane:193 - (OptionalMessage_ERROR) IP (DMA) : Parameter (Mode) has Id (ADC) currently not set
2022-09-15 14:50:16,498 [INFO] ImportTextPane:193 - (OptionalMessage_ERROR) IP (DMA) : Parameter (Priority) has Id (ADC) currently not set
2022-09-15 14:50:16,499 [INFO] ImportTextPane:193 - (OptionalMessage_ERROR) IP (RCC) : Invalid parameter (FamilyName)
2022-09-15 14:50:16,499 [INFO] ImportTextPane:193 - (OptionalMessage_ERROR) IP (RCC) : Invalid parameter (HSICECFreq_Value)
2022-09-15 14:50:16,739 [INFO] UtilMem:74 - End LoadConfig() Used Memory: 516829136 Bytes (631242752)
2022-09-15 14:50:17,173 [INFO] ApiDb:576 - Connected to CubeFinder SQLite database (C:\Users\gamin\.stmcufinder\plugins\mcufinder\mcu\cube-finder-db.db)
2022-09-15 14:50:17,232 [INFO] ApiDb:663 - CubeFinder database Data Model version=2.1
2022-09-15 14:50:17,232 [INFO] ApiDb:664 - CubeFinder database Configuration version=3.0.32
2022-09-15 14:50:17,232 [INFO] ApiDb:665 - CubeFinder database generation date=2022-06-13 (1655129059)
2022-09-15 14:50:17,233 [INFO] ApiDb:666 - CubeFinder database FW Pack versions=[STM32Cube_FW_C0_V1.0.0, STM32Cube_FW_F4_V1.27.0, STM32Cube_FW_F7_V1.17.0, STM32Cube_FW_G0_V1.6.0, STM32Cube_FW_G4_V1.5.0, STM32Cube_FW_H7_V1.10.0, STM32Cube_FW_L5_V1.4.0, STM32Cube_FW_U5_V1.1.1, STM32Cube_FW_WB_V1.14.0, STM32Cube_FW_WL_V1.2.0, X-CUBE-ALGOBUILD_V1.3.0, X-CUBE-ALS_V1.0.1, X-CUBE-AZRTOS-F4_V1.0.0, X-CUBE-AZRTOS-F7_V1.0.0, X-CUBE-AZRTOS-G0_V1.0.0, X-CUBE-AZRTOS-G4_V1.0.0, X-CUBE-AZRTOS-H7_V2.1.0, X-CUBE-AZRTOS-L4_V1.0.0, X-CUBE-AZRTOS-L5_V1.0.0, X-CUBE-AZRTOS-WL_V1.0.0, X-CUBE-BLE1_V6.2.3, X-CUBE-BLE2_V3.3.0, X-CUBE-EEPRMA1_V3.1.1, X-CUBE-GNSS1_V6.0.0, X-CUBE-MEMS1_V9.1.0, X-CUBE-NFC4_V2.0.3, X-CUBE-NFC7_V1.0.0, X-CUBE-SFXS2LP1_V3.1.0, X-CUBE-SUBG2_V5.0.0]
2022-09-15 14:50:20,345 [INFO] ApiDb:239 - Found 138 in-development CPN: [B-WB1M-WPAN1, NUCLEO-C031C6, STEVAL-STWINBX1, STM320518-EVAL, STM32C0116-DK, STM32C011D6Y3TR, STM32C011D6Y6TR, STM32C011F4P3, STM32C011F4P6, STM32C011F4U3, STM32C011F4U6TR, STM32C011F6P3, STM32C011F6P6, STM32C011F6U3, STM32C011F6U6TR, STM32C011J4M3, STM32C011J4M6, STM32C011J6M3, STM32C011J6M6, STM32C0316-DK, STM32C031C4T3, STM32C031C4T6, STM32C031C4U3, STM32C031C4U6, STM32C031C6T3, STM32C031C6T6, STM32C031C6U3, STM32C031C6U6, STM32C031F4P3, STM32C031F4P6, STM32C031F6P3, STM32C031F6P6, STM32C031G4U3, STM32C031G4U6, STM32C031G6U3, STM32C031G6U6, STM32C031K4T3, STM32C031K4T6, STM32C031K4U3, STM32C031K4U6, STM32C031K6T3, STM32C031K6T6, STM32C031K6U3, STM32C031K6U6, STM32G071K8TXN, STM32G071K8UXN, STM32G081GBU6N, STM32G081KBT6N, STM32G081KBUXN, STM32G0B1CCT6N, STM32G0B1KCT6, STM32G0B1NEY6TR, STM32G0B1RCT6N, STM32G0C1CCT6, STM32G0C1CCT6N, STM32G0C1CCU6N, STM32G0C1CET6N, STM32G0C1CEU6N, STM32G0C1KCT6, STM32G0C1NEY6TR, STM32G0C1RCI6N, STM32G0C1RCT6N, STM32G0C1REI6N, STM32G0C1RET6N, STM32G0C1VCI6, STM32G0C1VEI6, STM32G471CCT6, STM32G471CCU6, STM32G471CET3, STM32G471CET6, STM32G471CEU3, STM32G471CEU6, STM32G471MCT6, STM32G471MET3, STM32G471MET6, STM32G471MEY6TR, STM32G471QCT6, STM32G471QET3, STM32G471RCT6, STM32G471RET3, STM32G471RET6, STM32G471VCH6, STM32G471VCI6, STM32G471VCT6, STM32G471VEH3, STM32G471VEH6, STM32G471VEI3, STM32G471VEI6, STM32G471VET3, STM32G471VET6, STM32G474CCT6, STM32L476VGY6PTR, STM32L4R5QGI6STR, STM32MP131AAE3, STM32MP131AAF3, STM32MP131AAG3, STM32MP131CAE3, STM32MP131CAF3, STM32MP131CAG3, STM32MP131DAE7, STM32MP131DAF7, STM32MP131DAG7, STM32MP131FAE7, STM32MP131FAF7, STM32MP131FAG7, STM32MP133AAE3, STM32MP133AAF3, STM32MP133AAG3, STM32MP133CAE3, STM32MP133CAF3, STM32MP133CAG3, STM32MP133DAE7, STM32MP133DAF7, STM32MP133DAG7, STM32MP133FAE7, STM32MP133FAF7, STM32MP133FAG7, STM32MP135AAE3, STM32MP135AAF3, STM32MP135AAG3, STM32MP135CAE3, STM32MP135CAF3, STM32MP135CAG3, STM32MP135DAE7, STM32MP135DAF7, STM32MP135DAG7, STM32MP135F-DK, STM32MP135FAE7, STM32MP135FAF7, STM32MP135FAG7, STM32U595ZJT6Q, STM32U599BJY6QTR, STM32U599NIH6Q, STM32U599NJH6Q, STM32U5A5ZJT6Q, STM32U5A9BJY6QTR, STM32U5A9NJH6Q, STM32WB1MMCH6]
2022-09-15 14:50:20,347 [INFO] DbMcus:215 - Found 3542 MCUs, 3542 are supported
2022-09-15 14:50:20,349 [INFO] ApiDb:418 - Load user favorites file C:\Users\gamin/.stm32cubeide/favorites.mcus.txt: 0 item(s)
2022-09-15 14:50:20,349 [INFO] ApiDb:422 - User favorites MCUs=[]
2022-09-15 14:50:20,349 [INFO] DbMcus:221 - Set 0 / 0 favorites MCUs
2022-09-15 14:50:20,372 [WARN] ThirdParty:789 - waiting for thirdparty lock release [change project]
2022-09-15 14:50:20,373 [INFO] ThirdParty:791 - entering critical section [change project]
2022-09-15 14:50:20,373 [INFO] ThirdParty:981 - CMSIS Pack Vendor :RoweBots I-CUBE-UNISONRTOS 5.5.0-4
2022-09-15 14:50:20,373 [INFO] ThirdParty:981 - CMSIS Pack Vendor :STMicroelectronics X-CUBE-GNSS1 6.0.0
2022-09-15 14:50:20,373 [INFO] ThirdParty:981 - CMSIS Pack Vendor :STMicroelectronics X-CUBE-AZRTOS-H7 2.1.0
2022-09-15 14:50:20,373 [INFO] ThirdParty:981 - CMSIS Pack Vendor :STMicroelectronics USB_HOST 2.0.0
2022-09-15 14:50:20,373 [INFO] ThirdParty:981 - CMSIS Pack Vendor :STMicroelectronics X-CUBE-AZRTOS-F4 1.1.0
2022-09-15 14:50:20,373 [INFO] ThirdParty:981 - CMSIS Pack Vendor :STMicroelectronics LIBJPEG 8.0.0
2022-09-15 14:50:20,373 [INFO] ThirdParty:981 - CMSIS Pack Vendor :STMicroelectronics USB_DEVICE 3.0.0
2022-09-15 14:50:20,373 [INFO] ThirdParty:981 - CMSIS Pack Vendor :STMicroelectronics X-CUBE-BLEMGR 1.0.0
2022-09-15 14:50:20,373 [INFO] ThirdParty:981 - CMSIS Pack Vendor :STMicroelectronics X-CUBE-MEMS1 9.2.0
2022-09-15 14:50:20,373 [INFO] ThirdParty:981 - CMSIS Pack Vendor :STMicroelectronics X-CUBE-AZRTOS-F7 1.1.0
2022-09-15 14:50:20,373 [INFO] ThirdParty:981 - CMSIS Pack Vendor :STMicroelectronics USB_DEVICE 2.0.0
2022-09-15 14:50:20,373 [INFO] ThirdParty:981 - CMSIS Pack Vendor :STMicroelectronics X-CUBE-AI 7.1.0
2022-09-15 14:50:20,373 [INFO] ThirdParty:981 - CMSIS Pack Vendor :STMicroelectronics X-CUBE-TOUCHGFX 4.19.1
2022-09-15 14:50:20,373 [INFO] ThirdParty:981 - CMSIS Pack Vendor :STMicroelectronics X-CUBE-BLE1 6.2.3
2022-09-15 14:50:20,373 [INFO] ThirdParty:981 - CMSIS Pack Vendor :STMicroelectronics X-CUBE-ALGOBUILD 1.3.0
2022-09-15 14:50:20,373 [INFO] ThirdParty:981 - CMSIS Pack Vendor :STMicroelectronics FreeRTOS 0.0.1
2022-09-15 14:50:20,373 [INFO] ThirdParty:981 - CMSIS Pack Vendor :STMicroelectronics X-CUBE-AZRTOS-G0 1.1.0
2022-09-15 14:50:20,374 [INFO] ThirdParty:981 - CMSIS Pack Vendor :STMicroelectronics X-CUBE-SUBG2 5.0.0
2022-09-15 14:50:20,374 [INFO] ThirdParty:981 - CMSIS Pack Vendor :SEGGER I-CUBE-embOS 1.2.0
2022-09-15 14:50:20,374 [INFO] ThirdParty:981 - CMSIS Pack Vendor :STMicroelectronics STM32_WPAN 1.0.0
2022-09-15 14:50:20,374 [INFO] ThirdParty:981 - CMSIS Pack Vendor :STMicroelectronics lwIP 2.0.3
2022-09-15 14:50:20,374 [INFO] ThirdParty:981 - CMSIS Pack Vendor :STMicroelectronics X-CUBE-NFC4 2.0.4
2022-09-15 14:50:20,374 [INFO] ThirdParty:981 - CMSIS Pack Vendor :STMicroelectronics X-CUBE-BLE2 3.2.2
2022-09-15 14:50:20,374 [INFO] ThirdParty:981 - CMSIS Pack Vendor :STMicroelectronics USB_HOST 1.0.0
2022-09-15 14:50:20,374 [INFO] ThirdParty:981 - CMSIS Pack Vendor :STMicroelectronics PDM2PCM 3.1.0
2022-09-15 14:50:20,374 [INFO] ThirdParty:981 - CMSIS Pack Vendor :STMicroelectronics FP-ATR-ASTRA1 1.1.1
2022-09-15 14:50:20,374 [INFO] ThirdParty:981 - CMSIS Pack Vendor :STMicroelectronics PDM2PCM 3.3.0
2022-09-15 14:50:20,374 [INFO] ThirdParty:981 - CMSIS Pack Vendor :STMicroelectronics X-CUBE-TOF1 3.1.0
2022-09-15 14:50:20,374 [INFO] ThirdParty:981 - CMSIS Pack Vendor :STMicroelectronics X-CUBE-SFXS2LP1 3.1.0
2022-09-15 14:50:20,374 [INFO] ThirdParty:981 - CMSIS Pack Vendor :STMicroelectronics X-CUBE-AZRTOS-F4 1.0.0
2022-09-15 14:50:20,374 [INFO] ThirdParty:981 - CMSIS Pack Vendor :STMicroelectronics X-CUBE-AZRTOS-G4 1.0.0
2022-09-15 14:50:20,374 [INFO] ThirdParty:981 - CMSIS Pack Vendor :wolfSSL I-CUBE-wolfSSL 5.3.0
2022-09-15 14:50:20,374 [INFO] ThirdParty:981 - CMSIS Pack Vendor :STMicroelectronics X-CUBE-AZRTOS-L4 1.0.0
2022-09-15 14:50:20,374 [INFO] ThirdParty:981 - CMSIS Pack Vendor :STMicroelectronics HAL Drivers 0.0.0
2022-09-15 14:50:20,374 [INFO] ThirdParty:981 - CMSIS Pack Vendor :STMicroelectronics MBEDTLS 2.16.2
2022-09-15 14:50:20,374 [INFO] ThirdParty:981 - CMSIS Pack Vendor :emotas I-CUBE-CANOPEN 1.1.2
2022-09-15 14:50:20,375 [INFO] ThirdParty:981 - CMSIS Pack Vendor :STMicroelectronics X-CUBE-TOUCHGFX 4.20.0
2022-09-15 14:50:20,375 [INFO] ThirdParty:981 - CMSIS Pack Vendor :STMicroelectronics MBEDTLS 2.14.1
2022-09-15 14:50:20,375 [INFO] ThirdParty:981 - CMSIS Pack Vendor :STMicroelectronics X-CUBE-NFC7 1.0.0
2022-09-15 14:50:20,375 [INFO] ThirdParty:981 - CMSIS Pack Vendor :STMicroelectronics X-CUBE-AZRTOS-F7 1.0.0
2022-09-15 14:50:20,375 [INFO] ThirdParty:981 - CMSIS Pack Vendor :STMicroelectronics X-CUBE-AZRTOS-WL 1.0.0
2022-09-15 14:50:20,375 [INFO] ThirdParty:981 - CMSIS Pack Vendor :STMicroelectronics X-CUBE-MEMS1 9.3.0
2022-09-15 14:50:20,375 [INFO] ThirdParty:981 - CMSIS Pack Vendor :portGmbH I-Cube-SoM-uGOAL 1.1.0
2022-09-15 14:50:20,375 [INFO] ThirdParty:981 - CMSIS Pack Vendor :STMicroelectronics X-CUBE-ALS 1.0.1
2022-09-15 14:50:20,375 [INFO] ThirdParty:981 - CMSIS Pack Vendor :STMicroelectronics X-CUBE-AI 7.2.0
2022-09-15 14:50:20,375 [INFO] ThirdParty:981 - CMSIS Pack Vendor :STMicroelectronics ThreadX 1.0.0
2022-09-15 14:50:20,375 [INFO] ThirdParty:981 - CMSIS Pack Vendor :STMicroelectronics X-CUBE-AZRTOS-L5 1.0.0
2022-09-15 14:50:20,375 [INFO] ThirdParty:981 - CMSIS Pack Vendor :STMicroelectronics USB_DEVICE 1.0.0
2022-09-15 14:50:20,376 [INFO] ThirdParty:981 - CMSIS Pack Vendor :STMicroelectronics X-CUBE-AZRTOS-G0 1.0.0
2022-09-15 14:50:20,376 [INFO] ThirdParty:981 - CMSIS Pack Vendor :STMicroelectronics X-CUBE-EEPRMA1 3.1.1
2022-09-15 14:50:20,376 [INFO] ThirdParty:981 - CMSIS Pack Vendor :STMicroelectronics X-CUBE-GNSS1 5.2.0
2022-09-15 14:50:20,376 [INFO] ThirdParty:981 - CMSIS Pack Vendor :STMicroelectronics ThreadX 0.0.2
2022-09-15 14:50:20,376 [INFO] ThirdParty:981 - CMSIS Pack Vendor :STMicroelectronics lwIP 2.1.2
2022-09-15 14:50:20,376 [INFO] ThirdParty:981 - CMSIS Pack Vendor :STMicroelectronics X-CUBE-SFXS2LP1 4.0.0
2022-09-15 14:50:20,376 [INFO] ThirdParty:981 - CMSIS Pack Vendor :STMicroelectronics X-CUBE-BLE2 3.3.0
2022-09-15 14:50:20,376 [INFO] ThirdParty:981 - CMSIS Pack Vendor :STMicroelectronics X-CUBE-DISPLAY 2.2.0
2022-09-15 14:50:20,376 [INFO] ThirdParty:981 - CMSIS Pack Vendor :STMicroelectronics PDM2PCM 3.2.0
2022-09-15 14:50:20,376 [INFO] ThirdParty:981 - CMSIS Pack Vendor :STMicroelectronics X-CUBE-TOF1 3.0.0
2022-09-15 14:50:20,376 [INFO] ThirdParty:981 - CMSIS Pack Vendor :STMicroelectronics X-CUBE-ISPU 1.0.0
2022-09-15 14:50:20,376 [INFO] ThirdParty:797 - exiting critical section [change project]
2022-09-15 14:50:20,712 [INFO] PinOutPanel:1468 - setPackage(No Configuration,No Configuration)
2022-09-15 14:50:20,715 [INFO] PinOutPanel:1468 - setPackage(STM32F051R8Tx,LQFP64)
2022-09-15 14:50:21,527 [INFO] UtilMem:74 - Before build in PCC Used Memory: 259885568 Bytes (631242752)
2022-09-15 14:50:22,460 [INFO] UtilMem:74 - After build in PCC Used Memory: 463750424 Bytes (631242752)
2022-09-15 14:50:22,484 [INFO] IPUIPlugin:79 - create IPUIPlugin
2022-09-15 14:50:22,484 [INFO] IPUIPlugin:79 - create IPUIPlugin
2022-09-15 14:50:22,484 [INFO] IPUIPlugin:79 - create IPUIPlugin
2022-09-15 14:50:22,484 [INFO] IPUIPlugin:79 - create IPUIPlugin
2022-09-15 14:50:22,485 [INFO] IPUIPlugin:79 - create IPUIPlugin
2022-09-15 14:50:22,485 [INFO] IPUIPlugin:79 - create IPUIPlugin
2022-09-15 14:50:22,485 [INFO] IPUIPlugin:79 - create IPUIPlugin
2022-09-15 14:50:22,485 [INFO] IPUIPlugin:79 - create IPUIPlugin
2022-09-15 14:50:22,485 [INFO] IPUIPlugin:79 - create IPUIPlugin
2022-09-15 14:50:22,486 [INFO] IPUIPlugin:79 - create IPUIPlugin
2022-09-15 14:50:22,486 [INFO] IPUIPlugin:79 - create IPUIPlugin
2022-09-15 14:50:22,486 [INFO] IPUIPlugin:79 - create IPUIPlugin
2022-09-15 14:50:22,486 [INFO] IPUIPlugin:79 - create IPUIPlugin
2022-09-15 14:50:22,486 [INFO] IPUIPlugin:79 - create IPUIPlugin
2022-09-15 14:50:22,487 [INFO] IPUIPlugin:79 - create IPUIPlugin
2022-09-15 14:50:22,487 [INFO] IPUIPlugin:79 - create IPUIPlugin
2022-09-15 14:50:22,487 [INFO] IPUIPlugin:79 - create IPUIPlugin
2022-09-15 14:50:22,487 [INFO] IPUIPlugin:79 - create IPUIPlugin
2022-09-15 14:50:22,488 [INFO] IPUIPlugin:79 - create IPUIPlugin
2022-09-15 14:50:22,488 [INFO] IPUIPlugin:79 - create IPUIPlugin
2022-09-15 14:50:22,488 [INFO] IPUIPlugin:79 - create IPUIPlugin
2022-09-15 14:50:22,488 [INFO] IPUIPlugin:79 - create IPUIPlugin
2022-09-15 14:50:22,489 [INFO] IPUIPlugin:79 - create IPUIPlugin
2022-09-15 14:50:22,489 [INFO] IPUIPlugin:79 - create IPUIPlugin
2022-09-15 14:50:22,489 [INFO] IPUIPlugin:79 - create IPUIPlugin
2022-09-15 14:50:22,490 [INFO] IPUIPlugin:79 - create IPUIPlugin
2022-09-15 14:50:22,490 [INFO] IPUIPlugin:79 - create IPUIPlugin
2022-09-15 14:50:22,490 [INFO] IPUIPlugin:79 - create IPUIPlugin
2022-09-15 14:50:22,491 [INFO] IPUIPlugin:79 - create IPUIPlugin
2022-09-15 14:50:22,491 [INFO] IPUIPlugin:79 - create IPUIPlugin
2022-09-15 14:50:22,491 [INFO] IPUIPlugin:79 - create IPUIPlugin
2022-09-15 14:50:22,492 [INFO] IPUIPlugin:79 - create IPUIPlugin
2022-09-15 14:50:22,492 [INFO] IPUIPlugin:79 - create IPUIPlugin
2022-09-15 14:50:22,492 [INFO] IPUIPlugin:79 - create IPUIPlugin
2022-09-15 14:50:22,781 [INFO] OpenFileManager:327 - Restore cursor
2022-09-19 16:07:49,092 [INFO] Activator:177 - 


2022-09-19 16:07:49,137 [INFO] Activator:178 - !SESSION log4j initialized
2022-09-19 16:08:38,075 [ERROR] LogOutputStream:74 - [STDERR_REDIRECT] SLF4J: Failed to load class "org.slf4j.impl.StaticLoggerBinder".
2022-09-19 16:08:38,077 [ERROR] LogOutputStream:74 - [STDERR_REDIRECT] SLF4J: Defaulting to no-operation (NOP) logger implementation
2022-09-19 16:08:38,079 [ERROR] LogOutputStream:74 - [STDERR_REDIRECT] SLF4J: See http://www.slf4j.org/codes.html#StaticLoggerBinder for further details.
2022-09-26 16:09:47,513 [INFO] Activator:177 - 


2022-09-26 16:09:47,533 [INFO] Activator:178 - !SESSION log4j initialized
2022-09-26 16:09:54,770 [ERROR] ConfigurationRetriever:139 - IOException on connection: sw-center.st.com
2022-09-26 16:09:54,772 [ERROR] ConfigurationRetriever:139 - IOException on connection: sw-center.st.com
2022-09-26 16:09:54,773 [ERROR] ConfigurationRetriever:139 - IOException on connection: sw-center.st.com
2022-09-26 16:10:15,157 [ERROR] ConfigurationRetriever:139 - IOException on connection: sw-center.st.com
2022-09-26 16:10:15,159 [ERROR] ConfigurationRetriever:139 - IOException on connection: sw-center.st.com
2022-09-26 16:10:15,160 [ERROR] ConfigurationRetriever:139 - IOException on connection: sw-center.st.com
2022-09-26 16:10:16,142 [ERROR] LogOutputStream:74 - [STDERR_REDIRECT] SLF4J: Failed to load class "org.slf4j.impl.StaticLoggerBinder".
2022-09-26 16:10:16,142 [ERROR] LogOutputStream:74 - [STDERR_REDIRECT] SLF4J: Defaulting to no-operation (NOP) logger implementation
2022-09-26 16:10:16,144 [ERROR] LogOutputStream:74 - [STDERR_REDIRECT] SLF4J: See http://www.slf4j.org/codes.html#StaticLoggerBinder for further details.
2022-09-26 16:11:04,561 [ERROR] ConfigurationRetriever:139 - IOException on connection: sw-center.st.com
2022-09-26 16:11:04,563 [ERROR] ConfigurationRetriever:139 - IOException on connection: sw-center.st.com
2022-09-26 16:11:04,564 [ERROR] ConfigurationRetriever:139 - IOException on connection: sw-center.st.com
2022-09-26 16:18:49,091 [ERROR] ConfigurationRetriever:139 - IOException on connection: sw-center.st.com
2022-09-26 16:18:49,093 [ERROR] ConfigurationRetriever:139 - IOException on connection: sw-center.st.com
2022-09-26 16:18:49,095 [ERROR] ConfigurationRetriever:139 - IOException on connection: sw-center.st.com
2022-09-26 16:18:50,866 [ERROR] ConfigurationRetriever:139 - IOException on connection: sw-center.st.com
2022-09-26 16:18:50,867 [ERROR] ConfigurationRetriever:139 - IOException on connection: sw-center.st.com
2022-09-26 16:18:50,868 [ERROR] ConfigurationRetriever:139 - IOException on connection: sw-center.st.com
2022-09-26 16:23:48,390 [ERROR] ConfigurationRetriever:139 - IOException on connection: sw-center.st.com
2022-09-26 16:23:48,394 [ERROR] ConfigurationRetriever:139 - IOException on connection: sw-center.st.com
2022-09-26 16:23:48,398 [ERROR] ConfigurationRetriever:139 - IOException on connection: sw-center.st.com
2022-09-26 21:33:16,934 [INFO] Activator:177 - 


2022-09-26 21:33:16,939 [INFO] Activator:178 - !SESSION log4j initialized
2022-09-26 21:33:48,691 [ERROR] LogOutputStream:74 - [STDERR_REDIRECT] SLF4J: Failed to load class "org.slf4j.impl.StaticLoggerBinder".
2022-09-26 21:33:48,692 [ERROR] LogOutputStream:74 - [STDERR_REDIRECT] SLF4J: Defaulting to no-operation (NOP) logger implementation
2022-09-26 21:33:48,694 [ERROR] LogOutputStream:74 - [STDERR_REDIRECT] SLF4J: See http://www.slf4j.org/codes.html#StaticLoggerBinder for further details.
2022-09-27 08:35:09,819 [INFO] Activator:177 - 


2022-09-27 08:35:09,831 [INFO] Activator:178 - !SESSION log4j initialized
2022-09-27 08:35:22,937 [ERROR] ConfigurationRetriever:139 - IOException on connection: sw-center.st.com
2022-09-27 08:35:22,938 [ERROR] ConfigurationRetriever:139 - IOException on connection: sw-center.st.com
2022-09-27 08:35:22,940 [ERROR] ConfigurationRetriever:139 - IOException on connection: sw-center.st.com
2022-09-27 08:35:45,922 [ERROR] LogOutputStream:74 - [STDERR_REDIRECT] SLF4J: Failed to load class "org.slf4j.impl.StaticLoggerBinder".
2022-09-27 08:35:45,924 [ERROR] LogOutputStream:74 - [STDERR_REDIRECT] SLF4J: Defaulting to no-operation (NOP) logger implementation
2022-09-27 08:35:45,928 [ERROR] LogOutputStream:74 - [STDERR_REDIRECT] SLF4J: See http://www.slf4j.org/codes.html#StaticLoggerBinder for further details.
2022-09-27 08:36:08,225 [ERROR] ConfigurationRetriever:139 - IOException on connection: sw-center.st.com
2022-09-27 08:36:08,226 [ERROR] ConfigurationRetriever:139 - IOException on connection: sw-center.st.com
2022-09-27 08:36:08,227 [ERROR] ConfigurationRetriever:139 - IOException on connection: sw-center.st.com
2022-09-27 08:48:40,407 [ERROR] ConfigurationRetriever:139 - IOException on connection: Read timed out
2022-09-27 08:48:42,476 [ERROR] ConfigurationRetriever:139 - IOException on connection: Read timed out
2022-09-27 08:48:44,564 [ERROR] ConfigurationRetriever:139 - IOException on connection: Read timed out
2022-09-27 08:48:46,763 [ERROR] ConfigurationRetriever:139 - IOException on connection: Read timed out
2022-09-27 08:48:48,818 [ERROR] ConfigurationRetriever:139 - IOException on connection: Read timed out
2022-09-27 08:48:50,875 [ERROR] ConfigurationRetriever:139 - IOException on connection: Read timed out
2022-09-27 08:49:29,126 [ERROR] ConfigurationRetriever:139 - IOException on connection: Read timed out
2022-09-27 08:49:31,172 [ERROR] ConfigurationRetriever:139 - IOException on connection: Read timed out
2022-09-27 08:49:33,248 [ERROR] ConfigurationRetriever:139 - IOException on connection: Read timed out
2022-09-27 08:49:35,357 [ERROR] ConfigurationRetriever:139 - IOException on connection: Read timed out
2022-09-27 08:49:37,428 [ERROR] ConfigurationRetriever:139 - IOException on connection: Read timed out
2022-09-27 08:49:39,495 [ERROR] ConfigurationRetriever:139 - IOException on connection: Read timed out
2022-09-27 08:50:16,350 [ERROR] ConfigurationRetriever:139 - IOException on connection: Read timed out
2022-09-27 08:50:18,407 [ERROR] ConfigurationRetriever:139 - IOException on connection: Read timed out
2022-09-27 08:50:20,483 [ERROR] ConfigurationRetriever:139 - IOException on connection: Read timed out
2022-09-27 08:50:22,630 [ERROR] ConfigurationRetriever:139 - IOException on connection: Read timed out
2022-09-27 08:50:24,679 [ERROR] ConfigurationRetriever:139 - IOException on connection: Read timed out
2022-09-27 08:50:26,724 [ERROR] ConfigurationRetriever:139 - IOException on connection: Read timed out
2022-09-27 08:51:17,052 [ERROR] ConfigurationRetriever:139 - IOException on connection: Read timed out
2022-09-27 08:51:19,101 [ERROR] ConfigurationRetriever:139 - IOException on connection: Read timed out
2022-09-27 08:51:21,160 [ERROR] ConfigurationRetriever:139 - IOException on connection: Read timed out
2022-09-27 08:51:23,308 [ERROR] ConfigurationRetriever:139 - IOException on connection: Read timed out
2022-09-27 08:51:25,357 [ERROR] ConfigurationRetriever:139 - IOException on connection: Read timed out
2022-09-27 08:51:27,410 [ERROR] ConfigurationRetriever:139 - IOException on connection: Read timed out
2022-09-27 08:52:23,754 [ERROR] ConfigurationRetriever:139 - IOException on connection: Read timed out
2022-09-27 08:52:25,806 [ERROR] ConfigurationRetriever:139 - IOException on connection: Read timed out
2022-09-27 08:52:27,856 [ERROR] ConfigurationRetriever:139 - IOException on connection: Read timed out
2022-09-27 08:52:29,993 [ERROR] ConfigurationRetriever:139 - IOException on connection: Read timed out
2022-09-27 08:52:32,050 [ERROR] ConfigurationRetriever:139 - IOException on connection: Read timed out
2022-09-27 08:52:34,109 [ERROR] ConfigurationRetriever:139 - IOException on connection: Read timed out
2022-09-27 08:53:38,264 [ERROR] ConfigurationRetriever:139 - IOException on connection: Read timed out
2022-09-27 08:53:40,313 [ERROR] ConfigurationRetriever:139 - IOException on connection: Read timed out
2022-09-27 08:53:42,358 [ERROR] ConfigurationRetriever:139 - IOException on connection: Read timed out
2022-09-27 08:53:44,481 [ERROR] ConfigurationRetriever:139 - IOException on connection: Read timed out
2022-09-27 08:53:46,525 [ERROR] ConfigurationRetriever:139 - IOException on connection: Read timed out
2022-09-27 08:53:48,575 [ERROR] ConfigurationRetriever:139 - IOException on connection: Read timed out
2022-09-27 08:57:26,762 [ERROR] ConfigurationRetriever:139 - IOException on connection: Read timed out
2022-09-27 08:57:28,813 [ERROR] ConfigurationRetriever:139 - IOException on connection: Read timed out
2022-09-27 08:57:30,868 [ERROR] ConfigurationRetriever:139 - IOException on connection: Read timed out
2022-09-27 08:57:33,030 [ERROR] ConfigurationRetriever:139 - IOException on connection: Read timed out
2022-09-27 08:57:35,115 [ERROR] ConfigurationRetriever:139 - IOException on connection: Read timed out
2022-09-27 08:57:37,169 [ERROR] ConfigurationRetriever:139 - IOException on connection: Read timed out
2022-09-27 08:59:29,920 [ERROR] ConfigurationRetriever:139 - IOException on connection: sw-center.st.com
2022-09-27 08:59:29,921 [ERROR] ConfigurationRetriever:139 - IOException on connection: sw-center.st.com
2022-09-27 08:59:29,924 [ERROR] ConfigurationRetriever:139 - IOException on connection: sw-center.st.com
